k-points are in crystal coordinates
nk(3) =    24   24    1
dk(3) =   0.000000000  0.000000000  0.000000000
dq(3) =   0.001000000  0.000000000  0.000000000

direct lattice vectors
a1 =   6.273764004  0.000000000  0.000000000
a2 =  -3.136882002  5.433239005  0.000000000
a3 =   0.000000000  0.000000000 37.794522493

unit cell volume =  0.128829657E+04

reciprocal lattice vectors
b1 =   1.001501699  0.578217275  0.000000000
b2 =   0.000000000  1.156434551  0.000000000
b3 =   0.000000000  0.000000000  0.166245924

symmetries of the Bravais lattice
 24
Space group 191, symbol P6/mmm               
r01 =     1   0   0     0   1   0     0   0   1      0.000000    0.000000    0.000000
r02 =     1   0   0     0   1   0     0   0  -1      0.000000    0.000000    0.000000
r03 =    -1   0   0    -1   1   0     0   0   1      0.000000    0.000000    0.000000
r04 =    -1   0   0    -1   1   0     0   0  -1      0.000000    0.000000    0.000000
r05 =    -1   1   0     0   1   0     0   0   1      0.000000    0.000000    0.000000
r06 =    -1   1   0     0   1   0     0   0  -1      0.000000    0.000000    0.000000
r07 =     1  -1   0     1   0   0     0   0   1      0.000000    0.000000    0.000000
r08 =     1  -1   0     1   0   0     0   0  -1      0.000000    0.000000    0.000000
r09 =    -1   0   0     0  -1   0     0   0   1      0.000000    0.000000    0.000000
r10 =    -1   0   0     0  -1   0     0   0  -1      0.000000    0.000000    0.000000
r11 =     1   0   0     1  -1   0     0   0   1      0.000000    0.000000    0.000000
r12 =     1   0   0     1  -1   0     0   0  -1      0.000000    0.000000    0.000000
r13 =     1  -1   0     0  -1   0     0   0   1      0.000000    0.000000    0.000000
r14 =     1  -1   0     0  -1   0     0   0  -1      0.000000    0.000000    0.000000
r15 =    -1   1   0    -1   0   0     0   0   1      0.000000    0.000000    0.000000
r16 =    -1   1   0    -1   0   0     0   0  -1      0.000000    0.000000    0.000000
r17 =     0   1   0    -1   1   0     0   0   1      0.000000    0.000000    0.000000
r18 =     0   1   0    -1   1   0     0   0  -1      0.000000    0.000000    0.000000
r19 =     0  -1   0    -1   0   0     0   0   1      0.000000    0.000000    0.000000
r20 =     0  -1   0    -1   0   0     0   0  -1      0.000000    0.000000    0.000000
r21 =     0   1   0     1   0   0     0   0   1      0.000000    0.000000    0.000000
r22 =     0   1   0     1   0   0     0   0  -1      0.000000    0.000000    0.000000
r23 =     0  -1   0     1  -1   0     0   0   1      0.000000    0.000000    0.000000
r24 =     0  -1   0     1  -1   0     0   0  -1      0.000000    0.000000    0.000000

symmetries of the crystal without FFT grid
 12
Space group 187, symbol P-6m2                
r01 =     1   0   0     0   1   0     0   0   1      0.000000    0.000000    0.000000
r02 =     1   0   0     0   1   0     0   0  -1      0.000000    0.000000    2.157832
r03 =    -1   1   0     0   1   0     0   0   1     -0.000000    0.000000    0.000000
r04 =    -1   1   0     0   1   0     0   0  -1     -0.000000    0.000000    2.157832
r05 =     1   0   0     1  -1   0     0   0   1      0.000000    0.000000    0.000000
r06 =     1   0   0     1  -1   0     0   0  -1      0.000000    0.000000    2.157832
r07 =    -1   1   0    -1   0   0     0   0   1      0.000000    0.000000    0.000000
r08 =    -1   1   0    -1   0   0     0   0  -1      0.000000    0.000000    2.157832
r09 =     0  -1   0    -1   0   0     0   0   1      0.000000    0.000000    0.000000
r10 =     0  -1   0    -1   0   0     0   0  -1      0.000000    0.000000    2.157832
r11 =     0  -1   0     1  -1   0     0   0   1     -0.000000    0.000000    0.000000
r12 =     0  -1   0     1  -1   0     0   0  -1     -0.000000    0.000000    2.157832

FFT grid:     40    40   225

symmetries of the crystal with FFT grid
  6
Space group 187, symbol P-6m2                
r01 =     1   0   0     0   1   0     0   0   1      0.000000    0.000000    0.000000
r02 =    -1   1   0     0   1   0     0   0   1     -0.000000    0.000000    0.000000
r03 =     1   0   0     1  -1   0     0   0   1      0.000000    0.000000    0.000000
r04 =    -1   1   0    -1   0   0     0   0   1      0.000000    0.000000    0.000000
r05 =     0  -1   0    -1   0   0     0   0   1      0.000000    0.000000    0.000000
r06 =     0  -1   0     1  -1   0     0   0   1     -0.000000    0.000000    0.000000

symmetries that reduce the k-points
r02 =    -1   1   0     0   1   0     0   0   1
r03 =     1   0   0     1  -1   0     0   0   1
r04 =    -1   1   0    -1   0   0     0   0   1
r05 =     0  -1   0    -1   0   0     0   0   1
r06 =     0  -1   0     1  -1   0     0   0   1

symmetries of a subgroup of the q-vector
r01 =     1   0   0     0   1   0     0   0   1
r03 =     1   0   0     1  -1   0     0   0   1

k-points in the original uniform grid
    576
      1  0.000000000  0.000000000  0.000000000   1.0       0  ---
      2  0.000000000  0.041666667  0.000000000   3.0       0  ---
      3  0.000000000  0.083333333  0.000000000   3.0       0  ---
      4  0.000000000  0.125000000  0.000000000   3.0       0  ---
      5  0.000000000  0.166666667  0.000000000   3.0       0  ---
      6  0.000000000  0.208333333  0.000000000   3.0       0  ---
      7  0.000000000  0.250000000  0.000000000   3.0       0  ---
      8  0.000000000  0.291666667  0.000000000   3.0       0  ---
      9  0.000000000  0.333333333  0.000000000   3.0       0  ---
     10  0.000000000  0.375000000  0.000000000   3.0       0  ---
     11  0.000000000  0.416666667  0.000000000   3.0       0  ---
     12  0.000000000  0.458333333  0.000000000   3.0       0  ---
     13  0.000000000  0.500000000  0.000000000   3.0       0  ---
     14  0.000000000  0.541666667  0.000000000   3.0       0  ---
     15  0.000000000  0.583333333  0.000000000   3.0       0  ---
     16  0.000000000  0.625000000  0.000000000   3.0       0  ---
     17  0.000000000  0.666666667  0.000000000   3.0       0  ---
     18  0.000000000  0.708333333  0.000000000   3.0       0  ---
     19  0.000000000  0.750000000  0.000000000   3.0       0  ---
     20  0.000000000  0.791666667  0.000000000   3.0       0  ---
     21  0.000000000  0.833333333  0.000000000   3.0       0  ---
     22  0.000000000  0.875000000  0.000000000   3.0       0  ---
     23  0.000000000  0.916666667  0.000000000   3.0       0  ---
     24  0.000000000  0.958333333  0.000000000   3.0       0  ---
     25  0.041666667  0.000000000  0.000000000   0.0      24  r05
     26  0.041666667  0.041666667  0.000000000   6.0       0  ---
     27  0.041666667  0.083333333  0.000000000   6.0       0  ---
     28  0.041666667  0.125000000  0.000000000   6.0       0  ---
     29  0.041666667  0.166666667  0.000000000   6.0       0  ---
     30  0.041666667  0.208333333  0.000000000   6.0       0  ---
     31  0.041666667  0.250000000  0.000000000   6.0       0  ---
     32  0.041666667  0.291666667  0.000000000   6.0       0  ---
     33  0.041666667  0.333333333  0.000000000   6.0       0  ---
     34  0.041666667  0.375000000  0.000000000   6.0       0  ---
     35  0.041666667  0.416666667  0.000000000   6.0       0  ---
     36  0.041666667  0.458333333  0.000000000   6.0       0  ---
     37  0.041666667  0.500000000  0.000000000   6.0       0  ---
     38  0.041666667  0.541666667  0.000000000   6.0       0  ---
     39  0.041666667  0.583333333  0.000000000   6.0       0  ---
     40  0.041666667  0.625000000  0.000000000   6.0       0  ---
     41  0.041666667  0.666666667  0.000000000   6.0       0  ---
     42  0.041666667  0.708333333  0.000000000   6.0       0  ---
     43  0.041666667  0.750000000  0.000000000   6.0       0  ---
     44  0.041666667  0.791666667  0.000000000   6.0       0  ---
     45  0.041666667  0.833333333  0.000000000   6.0       0  ---
     46  0.041666667  0.875000000  0.000000000   6.0       0  ---
     47  0.041666667  0.916666667  0.000000000   0.0      26  r04
     48  0.041666667  0.958333333  0.000000000   0.0       2  r03
     49  0.083333333  0.000000000  0.000000000   0.0      23  r05
     50  0.083333333  0.041666667  0.000000000   0.0      46  r06
     51  0.083333333  0.083333333  0.000000000   6.0       0  ---
     52  0.083333333  0.125000000  0.000000000   6.0       0  ---
     53  0.083333333  0.166666667  0.000000000   6.0       0  ---
     54  0.083333333  0.208333333  0.000000000   6.0       0  ---
     55  0.083333333  0.250000000  0.000000000   6.0       0  ---
     56  0.083333333  0.291666667  0.000000000   6.0       0  ---
     57  0.083333333  0.333333333  0.000000000   6.0       0  ---
     58  0.083333333  0.375000000  0.000000000   6.0       0  ---
     59  0.083333333  0.416666667  0.000000000   6.0       0  ---
     60  0.083333333  0.458333333  0.000000000   6.0       0  ---
     61  0.083333333  0.500000000  0.000000000   6.0       0  ---
     62  0.083333333  0.541666667  0.000000000   6.0       0  ---
     63  0.083333333  0.583333333  0.000000000   6.0       0  ---
     64  0.083333333  0.625000000  0.000000000   6.0       0  ---
     65  0.083333333  0.666666667  0.000000000   6.0       0  ---
     66  0.083333333  0.708333333  0.000000000   6.0       0  ---
     67  0.083333333  0.750000000  0.000000000   6.0       0  ---
     68  0.083333333  0.791666667  0.000000000   6.0       0  ---
     69  0.083333333  0.833333333  0.000000000   0.0      51  r04
     70  0.083333333  0.875000000  0.000000000   0.0      27  r04
     71  0.083333333  0.916666667  0.000000000   0.0       3  r03
     72  0.083333333  0.958333333  0.000000000   0.0      26  r03
     73  0.125000000  0.000000000  0.000000000   0.0      22  r05
     74  0.125000000  0.041666667  0.000000000   0.0      45  r06
     75  0.125000000  0.083333333  0.000000000   0.0      68  r06
     76  0.125000000  0.125000000  0.000000000   6.0       0  ---
     77  0.125000000  0.166666667  0.000000000   6.0       0  ---
     78  0.125000000  0.208333333  0.000000000   6.0       0  ---
     79  0.125000000  0.250000000  0.000000000   6.0       0  ---
     80  0.125000000  0.291666667  0.000000000   6.0       0  ---
     81  0.125000000  0.333333333  0.000000000   6.0       0  ---
     82  0.125000000  0.375000000  0.000000000   6.0       0  ---
     83  0.125000000  0.416666667  0.000000000   6.0       0  ---
     84  0.125000000  0.458333333  0.000000000   6.0       0  ---
     85  0.125000000  0.500000000  0.000000000   6.0       0  ---
     86  0.125000000  0.541666667  0.000000000   6.0       0  ---
     87  0.125000000  0.583333333  0.000000000   6.0       0  ---
     88  0.125000000  0.625000000  0.000000000   6.0       0  ---
     89  0.125000000  0.666666667  0.000000000   6.0       0  ---
     90  0.125000000  0.708333333  0.000000000   6.0       0  ---
     91  0.125000000  0.750000000  0.000000000   0.0      76  r04
     92  0.125000000  0.791666667  0.000000000   0.0      52  r04
     93  0.125000000  0.833333333  0.000000000   0.0      28  r04
     94  0.125000000  0.875000000  0.000000000   0.0       4  r03
     95  0.125000000  0.916666667  0.000000000   0.0      27  r03
     96  0.125000000  0.958333333  0.000000000   0.0      46  r03
     97  0.166666667  0.000000000  0.000000000   0.0      21  r05
     98  0.166666667  0.041666667  0.000000000   0.0      44  r06
     99  0.166666667  0.083333333  0.000000000   0.0      67  r06
    100  0.166666667  0.125000000  0.000000000   0.0      90  r06
    101  0.166666667  0.166666667  0.000000000   6.0       0  ---
    102  0.166666667  0.208333333  0.000000000   6.0       0  ---
    103  0.166666667  0.250000000  0.000000000   6.0       0  ---
    104  0.166666667  0.291666667  0.000000000   6.0       0  ---
    105  0.166666667  0.333333333  0.000000000   6.0       0  ---
    106  0.166666667  0.375000000  0.000000000   6.0       0  ---
    107  0.166666667  0.416666667  0.000000000   6.0       0  ---
    108  0.166666667  0.458333333  0.000000000   6.0       0  ---
    109  0.166666667  0.500000000  0.000000000   6.0       0  ---
    110  0.166666667  0.541666667  0.000000000   6.0       0  ---
    111  0.166666667  0.583333333  0.000000000   6.0       0  ---
    112  0.166666667  0.625000000  0.000000000   6.0       0  ---
    113  0.166666667  0.666666667  0.000000000   0.0     101  r04
    114  0.166666667  0.708333333  0.000000000   0.0      77  r04
    115  0.166666667  0.750000000  0.000000000   0.0      53  r04
    116  0.166666667  0.791666667  0.000000000   0.0      29  r04
    117  0.166666667  0.833333333  0.000000000   0.0       5  r03
    118  0.166666667  0.875000000  0.000000000   0.0      28  r03
    119  0.166666667  0.916666667  0.000000000   0.0      51  r03
    120  0.166666667  0.958333333  0.000000000   0.0      45  r03
    121  0.208333333  0.000000000  0.000000000   0.0      20  r05
    122  0.208333333  0.041666667  0.000000000   0.0      43  r06
    123  0.208333333  0.083333333  0.000000000   0.0      66  r06
    124  0.208333333  0.125000000  0.000000000   0.0      89  r06
    125  0.208333333  0.166666667  0.000000000   0.0     112  r06
    126  0.208333333  0.208333333  0.000000000   6.0       0  ---
    127  0.208333333  0.250000000  0.000000000   6.0       0  ---
    128  0.208333333  0.291666667  0.000000000   6.0       0  ---
    129  0.208333333  0.333333333  0.000000000   6.0       0  ---
    130  0.208333333  0.375000000  0.000000000   6.0       0  ---
    131  0.208333333  0.416666667  0.000000000   6.0       0  ---
    132  0.208333333  0.458333333  0.000000000   6.0       0  ---
    133  0.208333333  0.500000000  0.000000000   6.0       0  ---
    134  0.208333333  0.541666667  0.000000000   6.0       0  ---
    135  0.208333333  0.583333333  0.000000000   0.0     126  r04
    136  0.208333333  0.625000000  0.000000000   0.0     102  r04
    137  0.208333333  0.666666667  0.000000000   0.0      78  r04
    138  0.208333333  0.708333333  0.000000000   0.0      54  r04
    139  0.208333333  0.750000000  0.000000000   0.0      30  r04
    140  0.208333333  0.791666667  0.000000000   0.0       6  r03
    141  0.208333333  0.833333333  0.000000000   0.0      29  r03
    142  0.208333333  0.875000000  0.000000000   0.0      52  r03
    143  0.208333333  0.916666667  0.000000000   0.0      68  r03
    144  0.208333333  0.958333333  0.000000000   0.0      44  r03
    145  0.250000000  0.000000000  0.000000000   0.0      19  r05
    146  0.250000000  0.041666667  0.000000000   0.0      42  r06
    147  0.250000000  0.083333333  0.000000000   0.0      65  r06
    148  0.250000000  0.125000000  0.000000000   0.0      88  r06
    149  0.250000000  0.166666667  0.000000000   0.0     111  r06
    150  0.250000000  0.208333333  0.000000000   0.0     134  r06
    151  0.250000000  0.250000000  0.000000000   6.0       0  ---
    152  0.250000000  0.291666667  0.000000000   6.0       0  ---
    153  0.250000000  0.333333333  0.000000000   6.0       0  ---
    154  0.250000000  0.375000000  0.000000000   6.0       0  ---
    155  0.250000000  0.416666667  0.000000000   6.0       0  ---
    156  0.250000000  0.458333333  0.000000000   6.0       0  ---
    157  0.250000000  0.500000000  0.000000000   0.0     151  r04
    158  0.250000000  0.541666667  0.000000000   0.0     127  r04
    159  0.250000000  0.583333333  0.000000000   0.0     103  r04
    160  0.250000000  0.625000000  0.000000000   0.0      79  r04
    161  0.250000000  0.666666667  0.000000000   0.0      55  r04
    162  0.250000000  0.708333333  0.000000000   0.0      31  r04
    163  0.250000000  0.750000000  0.000000000   0.0       7  r03
    164  0.250000000  0.791666667  0.000000000   0.0      30  r03
    165  0.250000000  0.833333333  0.000000000   0.0      53  r03
    166  0.250000000  0.875000000  0.000000000   0.0      76  r03
    167  0.250000000  0.916666667  0.000000000   0.0      67  r03
    168  0.250000000  0.958333333  0.000000000   0.0      43  r03
    169  0.291666667  0.000000000  0.000000000   0.0      18  r05
    170  0.291666667  0.041666667  0.000000000   0.0      41  r06
    171  0.291666667  0.083333333  0.000000000   0.0      64  r06
    172  0.291666667  0.125000000  0.000000000   0.0      87  r06
    173  0.291666667  0.166666667  0.000000000   0.0     110  r06
    174  0.291666667  0.208333333  0.000000000   0.0     133  r06
    175  0.291666667  0.250000000  0.000000000   0.0     156  r06
    176  0.291666667  0.291666667  0.000000000   6.0       0  ---
    177  0.291666667  0.333333333  0.000000000   6.0       0  ---
    178  0.291666667  0.375000000  0.000000000   6.0       0  ---
    179  0.291666667  0.416666667  0.000000000   0.0     176  r04
    180  0.291666667  0.458333333  0.000000000   0.0     152  r04
    181  0.291666667  0.500000000  0.000000000   0.0     128  r04
    182  0.291666667  0.541666667  0.000000000   0.0     104  r04
    183  0.291666667  0.583333333  0.000000000   0.0      80  r04
    184  0.291666667  0.625000000  0.000000000   0.0      56  r04
    185  0.291666667  0.666666667  0.000000000   0.0      32  r04
    186  0.291666667  0.708333333  0.000000000   0.0       8  r03
    187  0.291666667  0.750000000  0.000000000   0.0      31  r03
    188  0.291666667  0.791666667  0.000000000   0.0      54  r03
    189  0.291666667  0.833333333  0.000000000   0.0      77  r03
    190  0.291666667  0.875000000  0.000000000   0.0      90  r03
    191  0.291666667  0.916666667  0.000000000   0.0      66  r03
    192  0.291666667  0.958333333  0.000000000   0.0      42  r03
    193  0.333333333  0.000000000  0.000000000   0.0      17  r05
    194  0.333333333  0.041666667  0.000000000   0.0      40  r06
    195  0.333333333  0.083333333  0.000000000   0.0      63  r06
    196  0.333333333  0.125000000  0.000000000   0.0      86  r06
    197  0.333333333  0.166666667  0.000000000   0.0     109  r06
    198  0.333333333  0.208333333  0.000000000   0.0     132  r06
    199  0.333333333  0.250000000  0.000000000   0.0     155  r06
    200  0.333333333  0.291666667  0.000000000   0.0     178  r06
    201  0.333333333  0.333333333  0.000000000   2.0       0  ---
    202  0.333333333  0.375000000  0.000000000   0.0     177  r04
    203  0.333333333  0.416666667  0.000000000   0.0     153  r04
    204  0.333333333  0.458333333  0.000000000   0.0     129  r04
    205  0.333333333  0.500000000  0.000000000   0.0     105  r04
    206  0.333333333  0.541666667  0.000000000   0.0      81  r04
    207  0.333333333  0.583333333  0.000000000   0.0      57  r04
    208  0.333333333  0.625000000  0.000000000   0.0      33  r04
    209  0.333333333  0.666666667  0.000000000   0.0       9  r03
    210  0.333333333  0.708333333  0.000000000   0.0      32  r03
    211  0.333333333  0.750000000  0.000000000   0.0      55  r03
    212  0.333333333  0.791666667  0.000000000   0.0      78  r03
    213  0.333333333  0.833333333  0.000000000   0.0     101  r03
    214  0.333333333  0.875000000  0.000000000   0.0      89  r03
    215  0.333333333  0.916666667  0.000000000   0.0      65  r03
    216  0.333333333  0.958333333  0.000000000   0.0      41  r03
    217  0.375000000  0.000000000  0.000000000   0.0      16  r05
    218  0.375000000  0.041666667  0.000000000   0.0      39  r06
    219  0.375000000  0.083333333  0.000000000   0.0      62  r06
    220  0.375000000  0.125000000  0.000000000   0.0      85  r06
    221  0.375000000  0.166666667  0.000000000   0.0     108  r06
    222  0.375000000  0.208333333  0.000000000   0.0     131  r06
    223  0.375000000  0.250000000  0.000000000   0.0     154  r06
    224  0.375000000  0.291666667  0.000000000   0.0     177  r04
    225  0.375000000  0.333333333  0.000000000   0.0     178  r04
    226  0.375000000  0.375000000  0.000000000   0.0     154  r04
    227  0.375000000  0.416666667  0.000000000   0.0     130  r04
    228  0.375000000  0.458333333  0.000000000   0.0     106  r04
    229  0.375000000  0.500000000  0.000000000   0.0      82  r04
    230  0.375000000  0.541666667  0.000000000   0.0      58  r04
    231  0.375000000  0.583333333  0.000000000   0.0      34  r04
    232  0.375000000  0.625000000  0.000000000   0.0      10  r03
    233  0.375000000  0.666666667  0.000000000   0.0      33  r03
    234  0.375000000  0.708333333  0.000000000   0.0      56  r03
    235  0.375000000  0.750000000  0.000000000   0.0      79  r03
    236  0.375000000  0.791666667  0.000000000   0.0     102  r03
    237  0.375000000  0.833333333  0.000000000   0.0     112  r03
    238  0.375000000  0.875000000  0.000000000   0.0      88  r03
    239  0.375000000  0.916666667  0.000000000   0.0      64  r03
    240  0.375000000  0.958333333  0.000000000   0.0      40  r03
    241  0.416666667  0.000000000  0.000000000   0.0      15  r05
    242  0.416666667  0.041666667  0.000000000   0.0      38  r06
    243  0.416666667  0.083333333  0.000000000   0.0      61  r06
    244  0.416666667  0.125000000  0.000000000   0.0      84  r06
    245  0.416666667  0.166666667  0.000000000   0.0     107  r06
    246  0.416666667  0.208333333  0.000000000   0.0     130  r04
    247  0.416666667  0.250000000  0.000000000   0.0     153  r04
    248  0.416666667  0.291666667  0.000000000   0.0     176  r04
    249  0.416666667  0.333333333  0.000000000   0.0     155  r04
    250  0.416666667  0.375000000  0.000000000   0.0     131  r04
    251  0.416666667  0.416666667  0.000000000   0.0     107  r04
    252  0.416666667  0.458333333  0.000000000   0.0      83  r04
    253  0.416666667  0.500000000  0.000000000   0.0      59  r04
    254  0.416666667  0.541666667  0.000000000   0.0      35  r04
    255  0.416666667  0.583333333  0.000000000   0.0      11  r03
    256  0.416666667  0.625000000  0.000000000   0.0      34  r03
    257  0.416666667  0.666666667  0.000000000   0.0      57  r03
    258  0.416666667  0.708333333  0.000000000   0.0      80  r03
    259  0.416666667  0.750000000  0.000000000   0.0     103  r03
    260  0.416666667  0.791666667  0.000000000   0.0     126  r03
    261  0.416666667  0.833333333  0.000000000   0.0     111  r03
    262  0.416666667  0.875000000  0.000000000   0.0      87  r03
    263  0.416666667  0.916666667  0.000000000   0.0      63  r03
    264  0.416666667  0.958333333  0.000000000   0.0      39  r03
    265  0.458333333  0.000000000  0.000000000   0.0      14  r05
    266  0.458333333  0.041666667  0.000000000   0.0      37  r06
    267  0.458333333  0.083333333  0.000000000   0.0      60  r06
    268  0.458333333  0.125000000  0.000000000   0.0      83  r04
    269  0.458333333  0.166666667  0.000000000   0.0     106  r04
    270  0.458333333  0.208333333  0.000000000   0.0     129  r04
    271  0.458333333  0.250000000  0.000000000   0.0     152  r04
    272  0.458333333  0.291666667  0.000000000   0.0     156  r04
    273  0.458333333  0.333333333  0.000000000   0.0     132  r04
    274  0.458333333  0.375000000  0.000000000   0.0     108  r04
    275  0.458333333  0.416666667  0.000000000   0.0      84  r04
    276  0.458333333  0.458333333  0.000000000   0.0      60  r04
    277  0.458333333  0.500000000  0.000000000   0.0      36  r04
    278  0.458333333  0.541666667  0.000000000   0.0      12  r03
    279  0.458333333  0.583333333  0.000000000   0.0      35  r03
    280  0.458333333  0.625000000  0.000000000   0.0      58  r03
    281  0.458333333  0.666666667  0.000000000   0.0      81  r03
    282  0.458333333  0.708333333  0.000000000   0.0     104  r03
    283  0.458333333  0.750000000  0.000000000   0.0     127  r03
    284  0.458333333  0.791666667  0.000000000   0.0     134  r03
    285  0.458333333  0.833333333  0.000000000   0.0     110  r03
    286  0.458333333  0.875000000  0.000000000   0.0      86  r03
    287  0.458333333  0.916666667  0.000000000   0.0      62  r03
    288  0.458333333  0.958333333  0.000000000   0.0      38  r03
    289  0.500000000  0.000000000  0.000000000   0.0      13  r05
    290  0.500000000  0.041666667  0.000000000   0.0      36  r04
    291  0.500000000  0.083333333  0.000000000   0.0      59  r04
    292  0.500000000  0.125000000  0.000000000   0.0      82  r04
    293  0.500000000  0.166666667  0.000000000   0.0     105  r04
    294  0.500000000  0.208333333  0.000000000   0.0     128  r04
    295  0.500000000  0.250000000  0.000000000   0.0     151  r04
    296  0.500000000  0.291666667  0.000000000   0.0     133  r04
    297  0.500000000  0.333333333  0.000000000   0.0     109  r04
    298  0.500000000  0.375000000  0.000000000   0.0      85  r04
    299  0.500000000  0.416666667  0.000000000   0.0      61  r04
    300  0.500000000  0.458333333  0.000000000   0.0      37  r04
    301  0.500000000  0.500000000  0.000000000   0.0      13  r02
    302  0.500000000  0.541666667  0.000000000   0.0      36  r02
    303  0.500000000  0.583333333  0.000000000   0.0      59  r02
    304  0.500000000  0.625000000  0.000000000   0.0      82  r02
    305  0.500000000  0.666666667  0.000000000   0.0     105  r02
    306  0.500000000  0.708333333  0.000000000   0.0     128  r02
    307  0.500000000  0.750000000  0.000000000   0.0     151  r02
    308  0.500000000  0.791666667  0.000000000   0.0     133  r02
    309  0.500000000  0.833333333  0.000000000   0.0     109  r02
    310  0.500000000  0.875000000  0.000000000   0.0      85  r02
    311  0.500000000  0.916666667  0.000000000   0.0      61  r02
    312  0.500000000  0.958333333  0.000000000   0.0      37  r02
    313  0.541666667  0.000000000  0.000000000   0.0      12  r02
    314  0.541666667  0.041666667  0.000000000   0.0      35  r02
    315  0.541666667  0.083333333  0.000000000   0.0      58  r02
    316  0.541666667  0.125000000  0.000000000   0.0      81  r02
    317  0.541666667  0.166666667  0.000000000   0.0     104  r02
    318  0.541666667  0.208333333  0.000000000   0.0     127  r02
    319  0.541666667  0.250000000  0.000000000   0.0     134  r02
    320  0.541666667  0.291666667  0.000000000   0.0     110  r02
    321  0.541666667  0.333333333  0.000000000   0.0      86  r02
    322  0.541666667  0.375000000  0.000000000   0.0      62  r02
    323  0.541666667  0.416666667  0.000000000   0.0      38  r02
    324  0.541666667  0.458333333  0.000000000   0.0      14  r02
    325  0.541666667  0.500000000  0.000000000   0.0      37  r02
    326  0.541666667  0.541666667  0.000000000   0.0      60  r02
    327  0.541666667  0.583333333  0.000000000   0.0      83  r02
    328  0.541666667  0.625000000  0.000000000   0.0     106  r02
    329  0.541666667  0.666666667  0.000000000   0.0     129  r02
    330  0.541666667  0.708333333  0.000000000   0.0     152  r02
    331  0.541666667  0.750000000  0.000000000   0.0     156  r02
    332  0.541666667  0.791666667  0.000000000   0.0     132  r02
    333  0.541666667  0.833333333  0.000000000   0.0     108  r02
    334  0.541666667  0.875000000  0.000000000   0.0      84  r02
    335  0.541666667  0.916666667  0.000000000   0.0      60  r02
    336  0.541666667  0.958333333  0.000000000   0.0      36  r02
    337  0.583333333  0.000000000  0.000000000   0.0      11  r02
    338  0.583333333  0.041666667  0.000000000   0.0      34  r02
    339  0.583333333  0.083333333  0.000000000   0.0      57  r02
    340  0.583333333  0.125000000  0.000000000   0.0      80  r02
    341  0.583333333  0.166666667  0.000000000   0.0     103  r02
    342  0.583333333  0.208333333  0.000000000   0.0     126  r02
    343  0.583333333  0.250000000  0.000000000   0.0     111  r02
    344  0.583333333  0.291666667  0.000000000   0.0      87  r02
    345  0.583333333  0.333333333  0.000000000   0.0      63  r02
    346  0.583333333  0.375000000  0.000000000   0.0      39  r02
    347  0.583333333  0.416666667  0.000000000   0.0      15  r02
    348  0.583333333  0.458333333  0.000000000   0.0      38  r02
    349  0.583333333  0.500000000  0.000000000   0.0      61  r02
    350  0.583333333  0.541666667  0.000000000   0.0      84  r02
    351  0.583333333  0.583333333  0.000000000   0.0     107  r02
    352  0.583333333  0.625000000  0.000000000   0.0     130  r02
    353  0.583333333  0.666666667  0.000000000   0.0     153  r02
    354  0.583333333  0.708333333  0.000000000   0.0     176  r02
    355  0.583333333  0.750000000  0.000000000   0.0     155  r02
    356  0.583333333  0.791666667  0.000000000   0.0     131  r02
    357  0.583333333  0.833333333  0.000000000   0.0     107  r02
    358  0.583333333  0.875000000  0.000000000   0.0      83  r02
    359  0.583333333  0.916666667  0.000000000   0.0      59  r02
    360  0.583333333  0.958333333  0.000000000   0.0      35  r02
    361  0.625000000  0.000000000  0.000000000   0.0      10  r02
    362  0.625000000  0.041666667  0.000000000   0.0      33  r02
    363  0.625000000  0.083333333  0.000000000   0.0      56  r02
    364  0.625000000  0.125000000  0.000000000   0.0      79  r02
    365  0.625000000  0.166666667  0.000000000   0.0     102  r02
    366  0.625000000  0.208333333  0.000000000   0.0     112  r02
    367  0.625000000  0.250000000  0.000000000   0.0      88  r02
    368  0.625000000  0.291666667  0.000000000   0.0      64  r02
    369  0.625000000  0.333333333  0.000000000   0.0      40  r02
    370  0.625000000  0.375000000  0.000000000   0.0      16  r02
    371  0.625000000  0.416666667  0.000000000   0.0      39  r02
    372  0.625000000  0.458333333  0.000000000   0.0      62  r02
    373  0.625000000  0.500000000  0.000000000   0.0      85  r02
    374  0.625000000  0.541666667  0.000000000   0.0     108  r02
    375  0.625000000  0.583333333  0.000000000   0.0     131  r02
    376  0.625000000  0.625000000  0.000000000   0.0     154  r02
    377  0.625000000  0.666666667  0.000000000   0.0     177  r02
    378  0.625000000  0.708333333  0.000000000   0.0     178  r02
    379  0.625000000  0.750000000  0.000000000   0.0     154  r02
    380  0.625000000  0.791666667  0.000000000   0.0     130  r02
    381  0.625000000  0.833333333  0.000000000   0.0     106  r02
    382  0.625000000  0.875000000  0.000000000   0.0      82  r02
    383  0.625000000  0.916666667  0.000000000   0.0      58  r02
    384  0.625000000  0.958333333  0.000000000   0.0      34  r02
    385  0.666666667  0.000000000  0.000000000   0.0       9  r02
    386  0.666666667  0.041666667  0.000000000   0.0      32  r02
    387  0.666666667  0.083333333  0.000000000   0.0      55  r02
    388  0.666666667  0.125000000  0.000000000   0.0      78  r02
    389  0.666666667  0.166666667  0.000000000   0.0     101  r02
    390  0.666666667  0.208333333  0.000000000   0.0      89  r02
    391  0.666666667  0.250000000  0.000000000   0.0      65  r02
    392  0.666666667  0.291666667  0.000000000   0.0      41  r02
    393  0.666666667  0.333333333  0.000000000   0.0      17  r02
    394  0.666666667  0.375000000  0.000000000   0.0      40  r02
    395  0.666666667  0.416666667  0.000000000   0.0      63  r02
    396  0.666666667  0.458333333  0.000000000   0.0      86  r02
    397  0.666666667  0.500000000  0.000000000   0.0     109  r02
    398  0.666666667  0.541666667  0.000000000   0.0     132  r02
    399  0.666666667  0.583333333  0.000000000   0.0     155  r02
    400  0.666666667  0.625000000  0.000000000   0.0     178  r02
    401  0.666666667  0.666666667  0.000000000   0.0     201  r02
    402  0.666666667  0.708333333  0.000000000   0.0     177  r02
    403  0.666666667  0.750000000  0.000000000   0.0     153  r02
    404  0.666666667  0.791666667  0.000000000   0.0     129  r02
    405  0.666666667  0.833333333  0.000000000   0.0     105  r02
    406  0.666666667  0.875000000  0.000000000   0.0      81  r02
    407  0.666666667  0.916666667  0.000000000   0.0      57  r02
    408  0.666666667  0.958333333  0.000000000   0.0      33  r02
    409  0.708333333  0.000000000  0.000000000   0.0       8  r02
    410  0.708333333  0.041666667  0.000000000   0.0      31  r02
    411  0.708333333  0.083333333  0.000000000   0.0      54  r02
    412  0.708333333  0.125000000  0.000000000   0.0      77  r02
    413  0.708333333  0.166666667  0.000000000   0.0      90  r02
    414  0.708333333  0.208333333  0.000000000   0.0      66  r02
    415  0.708333333  0.250000000  0.000000000   0.0      42  r02
    416  0.708333333  0.291666667  0.000000000   0.0      18  r02
    417  0.708333333  0.333333333  0.000000000   0.0      41  r02
    418  0.708333333  0.375000000  0.000000000   0.0      64  r02
    419  0.708333333  0.416666667  0.000000000   0.0      87  r02
    420  0.708333333  0.458333333  0.000000000   0.0     110  r02
    421  0.708333333  0.500000000  0.000000000   0.0     133  r02
    422  0.708333333  0.541666667  0.000000000   0.0     156  r02
    423  0.708333333  0.583333333  0.000000000   0.0     176  r02
    424  0.708333333  0.625000000  0.000000000   0.0     177  r02
    425  0.708333333  0.666666667  0.000000000   0.0     178  r02
    426  0.708333333  0.708333333  0.000000000   0.0     176  r02
    427  0.708333333  0.750000000  0.000000000   0.0     152  r02
    428  0.708333333  0.791666667  0.000000000   0.0     128  r02
    429  0.708333333  0.833333333  0.000000000   0.0     104  r02
    430  0.708333333  0.875000000  0.000000000   0.0      80  r02
    431  0.708333333  0.916666667  0.000000000   0.0      56  r02
    432  0.708333333  0.958333333  0.000000000   0.0      32  r02
    433  0.750000000  0.000000000  0.000000000   0.0       7  r02
    434  0.750000000  0.041666667  0.000000000   0.0      30  r02
    435  0.750000000  0.083333333  0.000000000   0.0      53  r02
    436  0.750000000  0.125000000  0.000000000   0.0      76  r02
    437  0.750000000  0.166666667  0.000000000   0.0      67  r02
    438  0.750000000  0.208333333  0.000000000   0.0      43  r02
    439  0.750000000  0.250000000  0.000000000   0.0      19  r02
    440  0.750000000  0.291666667  0.000000000   0.0      42  r02
    441  0.750000000  0.333333333  0.000000000   0.0      65  r02
    442  0.750000000  0.375000000  0.000000000   0.0      88  r02
    443  0.750000000  0.416666667  0.000000000   0.0     111  r02
    444  0.750000000  0.458333333  0.000000000   0.0     134  r02
    445  0.750000000  0.500000000  0.000000000   0.0     151  r02
    446  0.750000000  0.541666667  0.000000000   0.0     152  r02
    447  0.750000000  0.583333333  0.000000000   0.0     153  r02
    448  0.750000000  0.625000000  0.000000000   0.0     154  r02
    449  0.750000000  0.666666667  0.000000000   0.0     155  r02
    450  0.750000000  0.708333333  0.000000000   0.0     156  r02
    451  0.750000000  0.750000000  0.000000000   0.0     151  r02
    452  0.750000000  0.791666667  0.000000000   0.0     127  r02
    453  0.750000000  0.833333333  0.000000000   0.0     103  r02
    454  0.750000000  0.875000000  0.000000000   0.0      79  r02
    455  0.750000000  0.916666667  0.000000000   0.0      55  r02
    456  0.750000000  0.958333333  0.000000000   0.0      31  r02
    457  0.791666667  0.000000000  0.000000000   0.0       6  r02
    458  0.791666667  0.041666667  0.000000000   0.0      29  r02
    459  0.791666667  0.083333333  0.000000000   0.0      52  r02
    460  0.791666667  0.125000000  0.000000000   0.0      68  r02
    461  0.791666667  0.166666667  0.000000000   0.0      44  r02
    462  0.791666667  0.208333333  0.000000000   0.0      20  r02
    463  0.791666667  0.250000000  0.000000000   0.0      43  r02
    464  0.791666667  0.291666667  0.000000000   0.0      66  r02
    465  0.791666667  0.333333333  0.000000000   0.0      89  r02
    466  0.791666667  0.375000000  0.000000000   0.0     112  r02
    467  0.791666667  0.416666667  0.000000000   0.0     126  r02
    468  0.791666667  0.458333333  0.000000000   0.0     127  r02
    469  0.791666667  0.500000000  0.000000000   0.0     128  r02
    470  0.791666667  0.541666667  0.000000000   0.0     129  r02
    471  0.791666667  0.583333333  0.000000000   0.0     130  r02
    472  0.791666667  0.625000000  0.000000000   0.0     131  r02
    473  0.791666667  0.666666667  0.000000000   0.0     132  r02
    474  0.791666667  0.708333333  0.000000000   0.0     133  r02
    475  0.791666667  0.750000000  0.000000000   0.0     134  r02
    476  0.791666667  0.791666667  0.000000000   0.0     126  r02
    477  0.791666667  0.833333333  0.000000000   0.0     102  r02
    478  0.791666667  0.875000000  0.000000000   0.0      78  r02
    479  0.791666667  0.916666667  0.000000000   0.0      54  r02
    480  0.791666667  0.958333333  0.000000000   0.0      30  r02
    481  0.833333333  0.000000000  0.000000000   0.0       5  r02
    482  0.833333333  0.041666667  0.000000000   0.0      28  r02
    483  0.833333333  0.083333333  0.000000000   0.0      51  r02
    484  0.833333333  0.125000000  0.000000000   0.0      45  r02
    485  0.833333333  0.166666667  0.000000000   0.0      21  r02
    486  0.833333333  0.208333333  0.000000000   0.0      44  r02
    487  0.833333333  0.250000000  0.000000000   0.0      67  r02
    488  0.833333333  0.291666667  0.000000000   0.0      90  r02
    489  0.833333333  0.333333333  0.000000000   0.0     101  r02
    490  0.833333333  0.375000000  0.000000000   0.0     102  r02
    491  0.833333333  0.416666667  0.000000000   0.0     103  r02
    492  0.833333333  0.458333333  0.000000000   0.0     104  r02
    493  0.833333333  0.500000000  0.000000000   0.0     105  r02
    494  0.833333333  0.541666667  0.000000000   0.0     106  r02
    495  0.833333333  0.583333333  0.000000000   0.0     107  r02
    496  0.833333333  0.625000000  0.000000000   0.0     108  r02
    497  0.833333333  0.666666667  0.000000000   0.0     109  r02
    498  0.833333333  0.708333333  0.000000000   0.0     110  r02
    499  0.833333333  0.750000000  0.000000000   0.0     111  r02
    500  0.833333333  0.791666667  0.000000000   0.0     112  r02
    501  0.833333333  0.833333333  0.000000000   0.0     101  r02
    502  0.833333333  0.875000000  0.000000000   0.0      77  r02
    503  0.833333333  0.916666667  0.000000000   0.0      53  r02
    504  0.833333333  0.958333333  0.000000000   0.0      29  r02
    505  0.875000000  0.000000000  0.000000000   0.0       4  r02
    506  0.875000000  0.041666667  0.000000000   0.0      27  r02
    507  0.875000000  0.083333333  0.000000000   0.0      46  r02
    508  0.875000000  0.125000000  0.000000000   0.0      22  r02
    509  0.875000000  0.166666667  0.000000000   0.0      45  r02
    510  0.875000000  0.208333333  0.000000000   0.0      68  r02
    511  0.875000000  0.250000000  0.000000000   0.0      76  r02
    512  0.875000000  0.291666667  0.000000000   0.0      77  r02
    513  0.875000000  0.333333333  0.000000000   0.0      78  r02
    514  0.875000000  0.375000000  0.000000000   0.0      79  r02
    515  0.875000000  0.416666667  0.000000000   0.0      80  r02
    516  0.875000000  0.458333333  0.000000000   0.0      81  r02
    517  0.875000000  0.500000000  0.000000000   0.0      82  r02
    518  0.875000000  0.541666667  0.000000000   0.0      83  r02
    519  0.875000000  0.583333333  0.000000000   0.0      84  r02
    520  0.875000000  0.625000000  0.000000000   0.0      85  r02
    521  0.875000000  0.666666667  0.000000000   0.0      86  r02
    522  0.875000000  0.708333333  0.000000000   0.0      87  r02
    523  0.875000000  0.750000000  0.000000000   0.0      88  r02
    524  0.875000000  0.791666667  0.000000000   0.0      89  r02
    525  0.875000000  0.833333333  0.000000000   0.0      90  r02
    526  0.875000000  0.875000000  0.000000000   0.0      76  r02
    527  0.875000000  0.916666667  0.000000000   0.0      52  r02
    528  0.875000000  0.958333333  0.000000000   0.0      28  r02
    529  0.916666667  0.000000000  0.000000000   0.0       3  r02
    530  0.916666667  0.041666667  0.000000000   0.0      26  r02
    531  0.916666667  0.083333333  0.000000000   0.0      23  r02
    532  0.916666667  0.125000000  0.000000000   0.0      46  r02
    533  0.916666667  0.166666667  0.000000000   0.0      51  r02
    534  0.916666667  0.208333333  0.000000000   0.0      52  r02
    535  0.916666667  0.250000000  0.000000000   0.0      53  r02
    536  0.916666667  0.291666667  0.000000000   0.0      54  r02
    537  0.916666667  0.333333333  0.000000000   0.0      55  r02
    538  0.916666667  0.375000000  0.000000000   0.0      56  r02
    539  0.916666667  0.416666667  0.000000000   0.0      57  r02
    540  0.916666667  0.458333333  0.000000000   0.0      58  r02
    541  0.916666667  0.500000000  0.000000000   0.0      59  r02
    542  0.916666667  0.541666667  0.000000000   0.0      60  r02
    543  0.916666667  0.583333333  0.000000000   0.0      61  r02
    544  0.916666667  0.625000000  0.000000000   0.0      62  r02
    545  0.916666667  0.666666667  0.000000000   0.0      63  r02
    546  0.916666667  0.708333333  0.000000000   0.0      64  r02
    547  0.916666667  0.750000000  0.000000000   0.0      65  r02
    548  0.916666667  0.791666667  0.000000000   0.0      66  r02
    549  0.916666667  0.833333333  0.000000000   0.0      67  r02
    550  0.916666667  0.875000000  0.000000000   0.0      68  r02
    551  0.916666667  0.916666667  0.000000000   0.0      51  r02
    552  0.916666667  0.958333333  0.000000000   0.0      27  r02
    553  0.958333333  0.000000000  0.000000000   0.0       2  r02
    554  0.958333333  0.041666667  0.000000000   0.0      24  r02
    555  0.958333333  0.083333333  0.000000000   0.0      26  r02
    556  0.958333333  0.125000000  0.000000000   0.0      27  r02
    557  0.958333333  0.166666667  0.000000000   0.0      28  r02
    558  0.958333333  0.208333333  0.000000000   0.0      29  r02
    559  0.958333333  0.250000000  0.000000000   0.0      30  r02
    560  0.958333333  0.291666667  0.000000000   0.0      31  r02
    561  0.958333333  0.333333333  0.000000000   0.0      32  r02
    562  0.958333333  0.375000000  0.000000000   0.0      33  r02
    563  0.958333333  0.416666667  0.000000000   0.0      34  r02
    564  0.958333333  0.458333333  0.000000000   0.0      35  r02
    565  0.958333333  0.500000000  0.000000000   0.0      36  r02
    566  0.958333333  0.541666667  0.000000000   0.0      37  r02
    567  0.958333333  0.583333333  0.000000000   0.0      38  r02
    568  0.958333333  0.625000000  0.000000000   0.0      39  r02
    569  0.958333333  0.666666667  0.000000000   0.0      40  r02
    570  0.958333333  0.708333333  0.000000000   0.0      41  r02
    571  0.958333333  0.750000000  0.000000000   0.0      42  r02
    572  0.958333333  0.791666667  0.000000000   0.0      43  r02
    573  0.958333333  0.833333333  0.000000000   0.0      44  r02
    574  0.958333333  0.875000000  0.000000000   0.0      45  r02
    575  0.958333333  0.916666667  0.000000000   0.0      46  r02
    576  0.958333333  0.958333333  0.000000000   0.0      26  r02

k-points in the irreducible wedge
    109
      1  0.000000000  0.000000000  0.000000000   1.0       1
      2  0.000000000  0.041666667  0.000000000   3.0       2
      3  0.000000000  0.083333333  0.000000000   3.0       3
      4  0.000000000  0.125000000  0.000000000   3.0       4
      5  0.000000000  0.166666667  0.000000000   3.0       5
      6  0.000000000  0.208333333  0.000000000   3.0       6
      7  0.000000000  0.250000000  0.000000000   3.0       7
      8  0.000000000  0.291666667  0.000000000   3.0       8
      9  0.000000000  0.333333333  0.000000000   3.0       9
     10  0.000000000  0.375000000  0.000000000   3.0      10
     11  0.000000000  0.416666667  0.000000000   3.0      11
     12  0.000000000  0.458333333  0.000000000   3.0      12
     13  0.000000000  0.500000000  0.000000000   3.0      13
     14  0.000000000  0.541666667  0.000000000   3.0      14
     15  0.000000000  0.583333333  0.000000000   3.0      15
     16  0.000000000  0.625000000  0.000000000   3.0      16
     17  0.000000000  0.666666667  0.000000000   3.0      17
     18  0.000000000  0.708333333  0.000000000   3.0      18
     19  0.000000000  0.750000000  0.000000000   3.0      19
     20  0.000000000  0.791666667  0.000000000   3.0      20
     21  0.000000000  0.833333333  0.000000000   3.0      21
     22  0.000000000  0.875000000  0.000000000   3.0      22
     23  0.000000000  0.916666667  0.000000000   3.0      23
     24  0.000000000  0.958333333  0.000000000   3.0      24
     25  0.041666667  0.041666667  0.000000000   6.0      26
     26  0.041666667  0.083333333  0.000000000   6.0      27
     27  0.041666667  0.125000000  0.000000000   6.0      28
     28  0.041666667  0.166666667  0.000000000   6.0      29
     29  0.041666667  0.208333333  0.000000000   6.0      30
     30  0.041666667  0.250000000  0.000000000   6.0      31
     31  0.041666667  0.291666667  0.000000000   6.0      32
     32  0.041666667  0.333333333  0.000000000   6.0      33
     33  0.041666667  0.375000000  0.000000000   6.0      34
     34  0.041666667  0.416666667  0.000000000   6.0      35
     35  0.041666667  0.458333333  0.000000000   6.0      36
     36  0.041666667  0.500000000  0.000000000   6.0      37
     37  0.041666667  0.541666667  0.000000000   6.0      38
     38  0.041666667  0.583333333  0.000000000   6.0      39
     39  0.041666667  0.625000000  0.000000000   6.0      40
     40  0.041666667  0.666666667  0.000000000   6.0      41
     41  0.041666667  0.708333333  0.000000000   6.0      42
     42  0.041666667  0.750000000  0.000000000   6.0      43
     43  0.041666667  0.791666667  0.000000000   6.0      44
     44  0.041666667  0.833333333  0.000000000   6.0      45
     45  0.041666667  0.875000000  0.000000000   6.0      46
     46  0.083333333  0.083333333  0.000000000   6.0      51
     47  0.083333333  0.125000000  0.000000000   6.0      52
     48  0.083333333  0.166666667  0.000000000   6.0      53
     49  0.083333333  0.208333333  0.000000000   6.0      54
     50  0.083333333  0.250000000  0.000000000   6.0      55
     51  0.083333333  0.291666667  0.000000000   6.0      56
     52  0.083333333  0.333333333  0.000000000   6.0      57
     53  0.083333333  0.375000000  0.000000000   6.0      58
     54  0.083333333  0.416666667  0.000000000   6.0      59
     55  0.083333333  0.458333333  0.000000000   6.0      60
     56  0.083333333  0.500000000  0.000000000   6.0      61
     57  0.083333333  0.541666667  0.000000000   6.0      62
     58  0.083333333  0.583333333  0.000000000   6.0      63
     59  0.083333333  0.625000000  0.000000000   6.0      64
     60  0.083333333  0.666666667  0.000000000   6.0      65
     61  0.083333333  0.708333333  0.000000000   6.0      66
     62  0.083333333  0.750000000  0.000000000   6.0      67
     63  0.083333333  0.791666667  0.000000000   6.0      68
     64  0.125000000  0.125000000  0.000000000   6.0      76
     65  0.125000000  0.166666667  0.000000000   6.0      77
     66  0.125000000  0.208333333  0.000000000   6.0      78
     67  0.125000000  0.250000000  0.000000000   6.0      79
     68  0.125000000  0.291666667  0.000000000   6.0      80
     69  0.125000000  0.333333333  0.000000000   6.0      81
     70  0.125000000  0.375000000  0.000000000   6.0      82
     71  0.125000000  0.416666667  0.000000000   6.0      83
     72  0.125000000  0.458333333  0.000000000   6.0      84
     73  0.125000000  0.500000000  0.000000000   6.0      85
     74  0.125000000  0.541666667  0.000000000   6.0      86
     75  0.125000000  0.583333333  0.000000000   6.0      87
     76  0.125000000  0.625000000  0.000000000   6.0      88
     77  0.125000000  0.666666667  0.000000000   6.0      89
     78  0.125000000  0.708333333  0.000000000   6.0      90
     79  0.166666667  0.166666667  0.000000000   6.0     101
     80  0.166666667  0.208333333  0.000000000   6.0     102
     81  0.166666667  0.250000000  0.000000000   6.0     103
     82  0.166666667  0.291666667  0.000000000   6.0     104
     83  0.166666667  0.333333333  0.000000000   6.0     105
     84  0.166666667  0.375000000  0.000000000   6.0     106
     85  0.166666667  0.416666667  0.000000000   6.0     107
     86  0.166666667  0.458333333  0.000000000   6.0     108
     87  0.166666667  0.500000000  0.000000000   6.0     109
     88  0.166666667  0.541666667  0.000000000   6.0     110
     89  0.166666667  0.583333333  0.000000000   6.0     111
     90  0.166666667  0.625000000  0.000000000   6.0     112
     91  0.208333333  0.208333333  0.000000000   6.0     126
     92  0.208333333  0.250000000  0.000000000   6.0     127
     93  0.208333333  0.291666667  0.000000000   6.0     128
     94  0.208333333  0.333333333  0.000000000   6.0     129
     95  0.208333333  0.375000000  0.000000000   6.0     130
     96  0.208333333  0.416666667  0.000000000   6.0     131
     97  0.208333333  0.458333333  0.000000000   6.0     132
     98  0.208333333  0.500000000  0.000000000   6.0     133
     99  0.208333333  0.541666667  0.000000000   6.0     134
    100  0.250000000  0.250000000  0.000000000   6.0     151
    101  0.250000000  0.291666667  0.000000000   6.0     152
    102  0.250000000  0.333333333  0.000000000   6.0     153
    103  0.250000000  0.375000000  0.000000000   6.0     154
    104  0.250000000  0.416666667  0.000000000   6.0     155
    105  0.250000000  0.458333333  0.000000000   6.0     156
    106  0.291666667  0.291666667  0.000000000   6.0     176
    107  0.291666667  0.333333333  0.000000000   6.0     177
    108  0.291666667  0.375000000  0.000000000   6.0     178
    109  0.333333333  0.333333333  0.000000000   2.0     201

k-points in the unfolded Brillouin Zone
    576
      1  0.001000000  0.000000000  0.000000000   1.0
      2  0.001000000  0.041666667  0.000000000   1.0
      3  0.001000000  0.083333333  0.000000000   1.0
      4  0.001000000  0.125000000  0.000000000   1.0
      5  0.001000000  0.166666667  0.000000000   1.0
      6  0.001000000  0.208333333  0.000000000   1.0
      7  0.001000000  0.250000000  0.000000000   1.0
      8  0.001000000  0.291666667  0.000000000   1.0
      9  0.001000000  0.333333333  0.000000000   1.0
     10  0.001000000  0.375000000  0.000000000   1.0
     11  0.001000000  0.416666667  0.000000000   1.0
     12  0.001000000  0.458333333  0.000000000   1.0
     13  0.001000000  0.500000000  0.000000000   1.0
     14  0.001000000  0.541666667  0.000000000   1.0
     15  0.001000000  0.583333333  0.000000000   1.0
     16  0.001000000  0.625000000  0.000000000   1.0
     17  0.001000000  0.666666667  0.000000000   1.0
     18  0.001000000  0.708333333  0.000000000   1.0
     19  0.001000000  0.750000000  0.000000000   1.0
     20  0.001000000  0.791666667  0.000000000   1.0
     21  0.001000000  0.833333333  0.000000000   1.0
     22  0.001000000  0.875000000  0.000000000   1.0
     23  0.001000000  0.916666667  0.000000000   1.0
     24  0.001000000  0.958333333  0.000000000   1.0
     25  0.042666667  0.000000000  0.000000000   1.0
     26  0.042666667  0.041666667  0.000000000   1.0
     27  0.042666667  0.083333333  0.000000000   1.0
     28  0.042666667  0.125000000  0.000000000   1.0
     29  0.042666667  0.166666667  0.000000000   1.0
     30  0.042666667  0.208333333  0.000000000   1.0
     31  0.042666667  0.250000000  0.000000000   1.0
     32  0.042666667  0.291666667  0.000000000   1.0
     33  0.042666667  0.333333333  0.000000000   1.0
     34  0.042666667  0.375000000  0.000000000   1.0
     35  0.042666667  0.416666667  0.000000000   1.0
     36  0.042666667  0.458333333  0.000000000   1.0
     37  0.042666667  0.500000000  0.000000000   1.0
     38  0.042666667  0.541666667  0.000000000   1.0
     39  0.042666667  0.583333333  0.000000000   1.0
     40  0.042666667  0.625000000  0.000000000   1.0
     41  0.042666667  0.666666667  0.000000000   1.0
     42  0.042666667  0.708333333  0.000000000   1.0
     43  0.042666667  0.750000000  0.000000000   1.0
     44  0.042666667  0.791666667  0.000000000   1.0
     45  0.042666667  0.833333333  0.000000000   1.0
     46  0.042666667  0.875000000  0.000000000   1.0
     47  0.042666667  0.916666667  0.000000000   1.0
     48  0.042666667  0.958333333  0.000000000   1.0
     49  0.084333333  0.000000000  0.000000000   1.0
     50  0.084333333  0.041666667  0.000000000   1.0
     51  0.084333333  0.083333333  0.000000000   1.0
     52  0.084333333  0.125000000  0.000000000   1.0
     53  0.084333333  0.166666667  0.000000000   1.0
     54  0.084333333  0.208333333  0.000000000   1.0
     55  0.084333333  0.250000000  0.000000000   1.0
     56  0.084333333  0.291666667  0.000000000   1.0
     57  0.084333333  0.333333333  0.000000000   1.0
     58  0.084333333  0.375000000  0.000000000   1.0
     59  0.084333333  0.416666667  0.000000000   1.0
     60  0.084333333  0.458333333  0.000000000   1.0
     61  0.084333333  0.500000000  0.000000000   1.0
     62  0.084333333  0.541666667  0.000000000   1.0
     63  0.084333333  0.583333333  0.000000000   1.0
     64  0.084333333  0.625000000  0.000000000   1.0
     65  0.084333333  0.666666667  0.000000000   1.0
     66  0.084333333  0.708333333  0.000000000   1.0
     67  0.084333333  0.750000000  0.000000000   1.0
     68  0.084333333  0.791666667  0.000000000   1.0
     69  0.084333333  0.833333333  0.000000000   1.0
     70  0.084333333  0.875000000  0.000000000   1.0
     71  0.084333333  0.916666667  0.000000000   1.0
     72  0.084333333  0.958333333  0.000000000   1.0
     73  0.126000000  0.000000000  0.000000000   1.0
     74  0.126000000  0.041666667  0.000000000   1.0
     75  0.126000000  0.083333333  0.000000000   1.0
     76  0.126000000  0.125000000  0.000000000   1.0
     77  0.126000000  0.166666667  0.000000000   1.0
     78  0.126000000  0.208333333  0.000000000   1.0
     79  0.126000000  0.250000000  0.000000000   1.0
     80  0.126000000  0.291666667  0.000000000   1.0
     81  0.126000000  0.333333333  0.000000000   1.0
     82  0.126000000  0.375000000  0.000000000   1.0
     83  0.126000000  0.416666667  0.000000000   1.0
     84  0.126000000  0.458333333  0.000000000   1.0
     85  0.126000000  0.500000000  0.000000000   1.0
     86  0.126000000  0.541666667  0.000000000   1.0
     87  0.126000000  0.583333333  0.000000000   1.0
     88  0.126000000  0.625000000  0.000000000   1.0
     89  0.126000000  0.666666667  0.000000000   1.0
     90  0.126000000  0.708333333  0.000000000   1.0
     91  0.126000000  0.750000000  0.000000000   1.0
     92  0.126000000  0.791666667  0.000000000   1.0
     93  0.126000000  0.833333333  0.000000000   1.0
     94  0.126000000  0.875000000  0.000000000   1.0
     95  0.126000000  0.916666667  0.000000000   1.0
     96  0.126000000  0.958333333  0.000000000   1.0
     97  0.167666667  0.000000000  0.000000000   1.0
     98  0.167666667  0.041666667  0.000000000   1.0
     99  0.167666667  0.083333333  0.000000000   1.0
    100  0.167666667  0.125000000  0.000000000   1.0
    101  0.167666667  0.166666667  0.000000000   1.0
    102  0.167666667  0.208333333  0.000000000   1.0
    103  0.167666667  0.250000000  0.000000000   1.0
    104  0.167666667  0.291666667  0.000000000   1.0
    105  0.167666667  0.333333333  0.000000000   1.0
    106  0.167666667  0.375000000  0.000000000   1.0
    107  0.167666667  0.416666667  0.000000000   1.0
    108  0.167666667  0.458333333  0.000000000   1.0
    109  0.167666667  0.500000000  0.000000000   1.0
    110  0.167666667  0.541666667  0.000000000   1.0
    111  0.167666667  0.583333333  0.000000000   1.0
    112  0.167666667  0.625000000  0.000000000   1.0
    113  0.167666667  0.666666667  0.000000000   1.0
    114  0.167666667  0.708333333  0.000000000   1.0
    115  0.167666667  0.750000000  0.000000000   1.0
    116  0.167666667  0.791666667  0.000000000   1.0
    117  0.167666667  0.833333333  0.000000000   1.0
    118  0.167666667  0.875000000  0.000000000   1.0
    119  0.167666667  0.916666667  0.000000000   1.0
    120  0.167666667  0.958333333  0.000000000   1.0
    121  0.209333333  0.000000000  0.000000000   1.0
    122  0.209333333  0.041666667  0.000000000   1.0
    123  0.209333333  0.083333333  0.000000000   1.0
    124  0.209333333  0.125000000  0.000000000   1.0
    125  0.209333333  0.166666667  0.000000000   1.0
    126  0.209333333  0.208333333  0.000000000   1.0
    127  0.209333333  0.250000000  0.000000000   1.0
    128  0.209333333  0.291666667  0.000000000   1.0
    129  0.209333333  0.333333333  0.000000000   1.0
    130  0.209333333  0.375000000  0.000000000   1.0
    131  0.209333333  0.416666667  0.000000000   1.0
    132  0.209333333  0.458333333  0.000000000   1.0
    133  0.209333333  0.500000000  0.000000000   1.0
    134  0.209333333  0.541666667  0.000000000   1.0
    135  0.209333333  0.583333333  0.000000000   1.0
    136  0.209333333  0.625000000  0.000000000   1.0
    137  0.209333333  0.666666667  0.000000000   1.0
    138  0.209333333  0.708333333  0.000000000   1.0
    139  0.209333333  0.750000000  0.000000000   1.0
    140  0.209333333  0.791666667  0.000000000   1.0
    141  0.209333333  0.833333333  0.000000000   1.0
    142  0.209333333  0.875000000  0.000000000   1.0
    143  0.209333333  0.916666667  0.000000000   1.0
    144  0.209333333  0.958333333  0.000000000   1.0
    145  0.251000000  0.000000000  0.000000000   1.0
    146  0.251000000  0.041666667  0.000000000   1.0
    147  0.251000000  0.083333333  0.000000000   1.0
    148  0.251000000  0.125000000  0.000000000   1.0
    149  0.251000000  0.166666667  0.000000000   1.0
    150  0.251000000  0.208333333  0.000000000   1.0
    151  0.251000000  0.250000000  0.000000000   1.0
    152  0.251000000  0.291666667  0.000000000   1.0
    153  0.251000000  0.333333333  0.000000000   1.0
    154  0.251000000  0.375000000  0.000000000   1.0
    155  0.251000000  0.416666667  0.000000000   1.0
    156  0.251000000  0.458333333  0.000000000   1.0
    157  0.251000000  0.500000000  0.000000000   1.0
    158  0.251000000  0.541666667  0.000000000   1.0
    159  0.251000000  0.583333333  0.000000000   1.0
    160  0.251000000  0.625000000  0.000000000   1.0
    161  0.251000000  0.666666667  0.000000000   1.0
    162  0.251000000  0.708333333  0.000000000   1.0
    163  0.251000000  0.750000000  0.000000000   1.0
    164  0.251000000  0.791666667  0.000000000   1.0
    165  0.251000000  0.833333333  0.000000000   1.0
    166  0.251000000  0.875000000  0.000000000   1.0
    167  0.251000000  0.916666667  0.000000000   1.0
    168  0.251000000  0.958333333  0.000000000   1.0
    169  0.292666667  0.000000000  0.000000000   1.0
    170  0.292666667  0.041666667  0.000000000   1.0
    171  0.292666667  0.083333333  0.000000000   1.0
    172  0.292666667  0.125000000  0.000000000   1.0
    173  0.292666667  0.166666667  0.000000000   1.0
    174  0.292666667  0.208333333  0.000000000   1.0
    175  0.292666667  0.250000000  0.000000000   1.0
    176  0.292666667  0.291666667  0.000000000   1.0
    177  0.292666667  0.333333333  0.000000000   1.0
    178  0.292666667  0.375000000  0.000000000   1.0
    179  0.292666667  0.416666667  0.000000000   1.0
    180  0.292666667  0.458333333  0.000000000   1.0
    181  0.292666667  0.500000000  0.000000000   1.0
    182  0.292666667  0.541666667  0.000000000   1.0
    183  0.292666667  0.583333333  0.000000000   1.0
    184  0.292666667  0.625000000  0.000000000   1.0
    185  0.292666667  0.666666667  0.000000000   1.0
    186  0.292666667  0.708333333  0.000000000   1.0
    187  0.292666667  0.750000000  0.000000000   1.0
    188  0.292666667  0.791666667  0.000000000   1.0
    189  0.292666667  0.833333333  0.000000000   1.0
    190  0.292666667  0.875000000  0.000000000   1.0
    191  0.292666667  0.916666667  0.000000000   1.0
    192  0.292666667  0.958333333  0.000000000   1.0
    193  0.334333333  0.000000000  0.000000000   1.0
    194  0.334333333  0.041666667  0.000000000   1.0
    195  0.334333333  0.083333333  0.000000000   1.0
    196  0.334333333  0.125000000  0.000000000   1.0
    197  0.334333333  0.166666667  0.000000000   1.0
    198  0.334333333  0.208333333  0.000000000   1.0
    199  0.334333333  0.250000000  0.000000000   1.0
    200  0.334333333  0.291666667  0.000000000   1.0
    201  0.334333333  0.333333333  0.000000000   1.0
    202  0.334333333  0.375000000  0.000000000   1.0
    203  0.334333333  0.416666667  0.000000000   1.0
    204  0.334333333  0.458333333  0.000000000   1.0
    205  0.334333333  0.500000000  0.000000000   1.0
    206  0.334333333  0.541666667  0.000000000   1.0
    207  0.334333333  0.583333333  0.000000000   1.0
    208  0.334333333  0.625000000  0.000000000   1.0
    209  0.334333333  0.666666667  0.000000000   1.0
    210  0.334333333  0.708333333  0.000000000   1.0
    211  0.334333333  0.750000000  0.000000000   1.0
    212  0.334333333  0.791666667  0.000000000   1.0
    213  0.334333333  0.833333333  0.000000000   1.0
    214  0.334333333  0.875000000  0.000000000   1.0
    215  0.334333333  0.916666667  0.000000000   1.0
    216  0.334333333  0.958333333  0.000000000   1.0
    217  0.376000000  0.000000000  0.000000000   1.0
    218  0.376000000  0.041666667  0.000000000   1.0
    219  0.376000000  0.083333333  0.000000000   1.0
    220  0.376000000  0.125000000  0.000000000   1.0
    221  0.376000000  0.166666667  0.000000000   1.0
    222  0.376000000  0.208333333  0.000000000   1.0
    223  0.376000000  0.250000000  0.000000000   1.0
    224  0.376000000  0.291666667  0.000000000   1.0
    225  0.376000000  0.333333333  0.000000000   1.0
    226  0.376000000  0.375000000  0.000000000   1.0
    227  0.376000000  0.416666667  0.000000000   1.0
    228  0.376000000  0.458333333  0.000000000   1.0
    229  0.376000000  0.500000000  0.000000000   1.0
    230  0.376000000  0.541666667  0.000000000   1.0
    231  0.376000000  0.583333333  0.000000000   1.0
    232  0.376000000  0.625000000  0.000000000   1.0
    233  0.376000000  0.666666667  0.000000000   1.0
    234  0.376000000  0.708333333  0.000000000   1.0
    235  0.376000000  0.750000000  0.000000000   1.0
    236  0.376000000  0.791666667  0.000000000   1.0
    237  0.376000000  0.833333333  0.000000000   1.0
    238  0.376000000  0.875000000  0.000000000   1.0
    239  0.376000000  0.916666667  0.000000000   1.0
    240  0.376000000  0.958333333  0.000000000   1.0
    241  0.417666667  0.000000000  0.000000000   1.0
    242  0.417666667  0.041666667  0.000000000   1.0
    243  0.417666667  0.083333333  0.000000000   1.0
    244  0.417666667  0.125000000  0.000000000   1.0
    245  0.417666667  0.166666667  0.000000000   1.0
    246  0.417666667  0.208333333  0.000000000   1.0
    247  0.417666667  0.250000000  0.000000000   1.0
    248  0.417666667  0.291666667  0.000000000   1.0
    249  0.417666667  0.333333333  0.000000000   1.0
    250  0.417666667  0.375000000  0.000000000   1.0
    251  0.417666667  0.416666667  0.000000000   1.0
    252  0.417666667  0.458333333  0.000000000   1.0
    253  0.417666667  0.500000000  0.000000000   1.0
    254  0.417666667  0.541666667  0.000000000   1.0
    255  0.417666667  0.583333333  0.000000000   1.0
    256  0.417666667  0.625000000  0.000000000   1.0
    257  0.417666667  0.666666667  0.000000000   1.0
    258  0.417666667  0.708333333  0.000000000   1.0
    259  0.417666667  0.750000000  0.000000000   1.0
    260  0.417666667  0.791666667  0.000000000   1.0
    261  0.417666667  0.833333333  0.000000000   1.0
    262  0.417666667  0.875000000  0.000000000   1.0
    263  0.417666667  0.916666667  0.000000000   1.0
    264  0.417666667  0.958333333  0.000000000   1.0
    265  0.459333333  0.000000000  0.000000000   1.0
    266  0.459333333  0.041666667  0.000000000   1.0
    267  0.459333333  0.083333333  0.000000000   1.0
    268  0.459333333  0.125000000  0.000000000   1.0
    269  0.459333333  0.166666667  0.000000000   1.0
    270  0.459333333  0.208333333  0.000000000   1.0
    271  0.459333333  0.250000000  0.000000000   1.0
    272  0.459333333  0.291666667  0.000000000   1.0
    273  0.459333333  0.333333333  0.000000000   1.0
    274  0.459333333  0.375000000  0.000000000   1.0
    275  0.459333333  0.416666667  0.000000000   1.0
    276  0.459333333  0.458333333  0.000000000   1.0
    277  0.459333333  0.500000000  0.000000000   1.0
    278  0.459333333  0.541666667  0.000000000   1.0
    279  0.459333333  0.583333333  0.000000000   1.0
    280  0.459333333  0.625000000  0.000000000   1.0
    281  0.459333333  0.666666667  0.000000000   1.0
    282  0.459333333  0.708333333  0.000000000   1.0
    283  0.459333333  0.750000000  0.000000000   1.0
    284  0.459333333  0.791666667  0.000000000   1.0
    285  0.459333333  0.833333333  0.000000000   1.0
    286  0.459333333  0.875000000  0.000000000   1.0
    287  0.459333333  0.916666667  0.000000000   1.0
    288  0.459333333  0.958333333  0.000000000   1.0
    289  0.501000000  0.000000000  0.000000000   1.0
    290  0.501000000  0.041666667  0.000000000   1.0
    291  0.501000000  0.083333333  0.000000000   1.0
    292  0.501000000  0.125000000  0.000000000   1.0
    293  0.501000000  0.166666667  0.000000000   1.0
    294  0.501000000  0.208333333  0.000000000   1.0
    295  0.501000000  0.250000000  0.000000000   1.0
    296  0.501000000  0.291666667  0.000000000   1.0
    297  0.501000000  0.333333333  0.000000000   1.0
    298  0.501000000  0.375000000  0.000000000   1.0
    299  0.501000000  0.416666667  0.000000000   1.0
    300  0.501000000  0.458333333  0.000000000   1.0
    301  0.501000000  0.500000000  0.000000000   1.0
    302  0.501000000  0.541666667  0.000000000   1.0
    303  0.501000000  0.583333333  0.000000000   1.0
    304  0.501000000  0.625000000  0.000000000   1.0
    305  0.501000000  0.666666667  0.000000000   1.0
    306  0.501000000  0.708333333  0.000000000   1.0
    307  0.501000000  0.750000000  0.000000000   1.0
    308  0.501000000  0.791666667  0.000000000   1.0
    309  0.501000000  0.833333333  0.000000000   1.0
    310  0.501000000  0.875000000  0.000000000   1.0
    311  0.501000000  0.916666667  0.000000000   1.0
    312  0.501000000  0.958333333  0.000000000   1.0
    313  0.542666667  0.000000000  0.000000000   1.0
    314  0.542666667  0.041666667  0.000000000   1.0
    315  0.542666667  0.083333333  0.000000000   1.0
    316  0.542666667  0.125000000  0.000000000   1.0
    317  0.542666667  0.166666667  0.000000000   1.0
    318  0.542666667  0.208333333  0.000000000   1.0
    319  0.542666667  0.250000000  0.000000000   1.0
    320  0.542666667  0.291666667  0.000000000   1.0
    321  0.542666667  0.333333333  0.000000000   1.0
    322  0.542666667  0.375000000  0.000000000   1.0
    323  0.542666667  0.416666667  0.000000000   1.0
    324  0.542666667  0.458333333  0.000000000   1.0
    325  0.542666667  0.500000000  0.000000000   1.0
    326  0.542666667  0.541666667  0.000000000   1.0
    327  0.542666667  0.583333333  0.000000000   1.0
    328  0.542666667  0.625000000  0.000000000   1.0
    329  0.542666667  0.666666667  0.000000000   1.0
    330  0.542666667  0.708333333  0.000000000   1.0
    331  0.542666667  0.750000000  0.000000000   1.0
    332  0.542666667  0.791666667  0.000000000   1.0
    333  0.542666667  0.833333333  0.000000000   1.0
    334  0.542666667  0.875000000  0.000000000   1.0
    335  0.542666667  0.916666667  0.000000000   1.0
    336  0.542666667  0.958333333  0.000000000   1.0
    337  0.584333333  0.000000000  0.000000000   1.0
    338  0.584333333  0.041666667  0.000000000   1.0
    339  0.584333333  0.083333333  0.000000000   1.0
    340  0.584333333  0.125000000  0.000000000   1.0
    341  0.584333333  0.166666667  0.000000000   1.0
    342  0.584333333  0.208333333  0.000000000   1.0
    343  0.584333333  0.250000000  0.000000000   1.0
    344  0.584333333  0.291666667  0.000000000   1.0
    345  0.584333333  0.333333333  0.000000000   1.0
    346  0.584333333  0.375000000  0.000000000   1.0
    347  0.584333333  0.416666667  0.000000000   1.0
    348  0.584333333  0.458333333  0.000000000   1.0
    349  0.584333333  0.500000000  0.000000000   1.0
    350  0.584333333  0.541666667  0.000000000   1.0
    351  0.584333333  0.583333333  0.000000000   1.0
    352  0.584333333  0.625000000  0.000000000   1.0
    353  0.584333333  0.666666667  0.000000000   1.0
    354  0.584333333  0.708333333  0.000000000   1.0
    355  0.584333333  0.750000000  0.000000000   1.0
    356  0.584333333  0.791666667  0.000000000   1.0
    357  0.584333333  0.833333333  0.000000000   1.0
    358  0.584333333  0.875000000  0.000000000   1.0
    359  0.584333333  0.916666667  0.000000000   1.0
    360  0.584333333  0.958333333  0.000000000   1.0
    361  0.626000000  0.000000000  0.000000000   1.0
    362  0.626000000  0.041666667  0.000000000   1.0
    363  0.626000000  0.083333333  0.000000000   1.0
    364  0.626000000  0.125000000  0.000000000   1.0
    365  0.626000000  0.166666667  0.000000000   1.0
    366  0.626000000  0.208333333  0.000000000   1.0
    367  0.626000000  0.250000000  0.000000000   1.0
    368  0.626000000  0.291666667  0.000000000   1.0
    369  0.626000000  0.333333333  0.000000000   1.0
    370  0.626000000  0.375000000  0.000000000   1.0
    371  0.626000000  0.416666667  0.000000000   1.0
    372  0.626000000  0.458333333  0.000000000   1.0
    373  0.626000000  0.500000000  0.000000000   1.0
    374  0.626000000  0.541666667  0.000000000   1.0
    375  0.626000000  0.583333333  0.000000000   1.0
    376  0.626000000  0.625000000  0.000000000   1.0
    377  0.626000000  0.666666667  0.000000000   1.0
    378  0.626000000  0.708333333  0.000000000   1.0
    379  0.626000000  0.750000000  0.000000000   1.0
    380  0.626000000  0.791666667  0.000000000   1.0
    381  0.626000000  0.833333333  0.000000000   1.0
    382  0.626000000  0.875000000  0.000000000   1.0
    383  0.626000000  0.916666667  0.000000000   1.0
    384  0.626000000  0.958333333  0.000000000   1.0
    385  0.667666667  0.000000000  0.000000000   1.0
    386  0.667666667  0.041666667  0.000000000   1.0
    387  0.667666667  0.083333333  0.000000000   1.0
    388  0.667666667  0.125000000  0.000000000   1.0
    389  0.667666667  0.166666667  0.000000000   1.0
    390  0.667666667  0.208333333  0.000000000   1.0
    391  0.667666667  0.250000000  0.000000000   1.0
    392  0.667666667  0.291666667  0.000000000   1.0
    393  0.667666667  0.333333333  0.000000000   1.0
    394  0.667666667  0.375000000  0.000000000   1.0
    395  0.667666667  0.416666667  0.000000000   1.0
    396  0.667666667  0.458333333  0.000000000   1.0
    397  0.667666667  0.500000000  0.000000000   1.0
    398  0.667666667  0.541666667  0.000000000   1.0
    399  0.667666667  0.583333333  0.000000000   1.0
    400  0.667666667  0.625000000  0.000000000   1.0
    401  0.667666667  0.666666667  0.000000000   1.0
    402  0.667666667  0.708333333  0.000000000   1.0
    403  0.667666667  0.750000000  0.000000000   1.0
    404  0.667666667  0.791666667  0.000000000   1.0
    405  0.667666667  0.833333333  0.000000000   1.0
    406  0.667666667  0.875000000  0.000000000   1.0
    407  0.667666667  0.916666667  0.000000000   1.0
    408  0.667666667  0.958333333  0.000000000   1.0
    409  0.709333333  0.000000000  0.000000000   1.0
    410  0.709333333  0.041666667  0.000000000   1.0
    411  0.709333333  0.083333333  0.000000000   1.0
    412  0.709333333  0.125000000  0.000000000   1.0
    413  0.709333333  0.166666667  0.000000000   1.0
    414  0.709333333  0.208333333  0.000000000   1.0
    415  0.709333333  0.250000000  0.000000000   1.0
    416  0.709333333  0.291666667  0.000000000   1.0
    417  0.709333333  0.333333333  0.000000000   1.0
    418  0.709333333  0.375000000  0.000000000   1.0
    419  0.709333333  0.416666667  0.000000000   1.0
    420  0.709333333  0.458333333  0.000000000   1.0
    421  0.709333333  0.500000000  0.000000000   1.0
    422  0.709333333  0.541666667  0.000000000   1.0
    423  0.709333333  0.583333333  0.000000000   1.0
    424  0.709333333  0.625000000  0.000000000   1.0
    425  0.709333333  0.666666667  0.000000000   1.0
    426  0.709333333  0.708333333  0.000000000   1.0
    427  0.709333333  0.750000000  0.000000000   1.0
    428  0.709333333  0.791666667  0.000000000   1.0
    429  0.709333333  0.833333333  0.000000000   1.0
    430  0.709333333  0.875000000  0.000000000   1.0
    431  0.709333333  0.916666667  0.000000000   1.0
    432  0.709333333  0.958333333  0.000000000   1.0
    433  0.751000000  0.000000000  0.000000000   1.0
    434  0.751000000  0.041666667  0.000000000   1.0
    435  0.751000000  0.083333333  0.000000000   1.0
    436  0.751000000  0.125000000  0.000000000   1.0
    437  0.751000000  0.166666667  0.000000000   1.0
    438  0.751000000  0.208333333  0.000000000   1.0
    439  0.751000000  0.250000000  0.000000000   1.0
    440  0.751000000  0.291666667  0.000000000   1.0
    441  0.751000000  0.333333333  0.000000000   1.0
    442  0.751000000  0.375000000  0.000000000   1.0
    443  0.751000000  0.416666667  0.000000000   1.0
    444  0.751000000  0.458333333  0.000000000   1.0
    445  0.751000000  0.500000000  0.000000000   1.0
    446  0.751000000  0.541666667  0.000000000   1.0
    447  0.751000000  0.583333333  0.000000000   1.0
    448  0.751000000  0.625000000  0.000000000   1.0
    449  0.751000000  0.666666667  0.000000000   1.0
    450  0.751000000  0.708333333  0.000000000   1.0
    451  0.751000000  0.750000000  0.000000000   1.0
    452  0.751000000  0.791666667  0.000000000   1.0
    453  0.751000000  0.833333333  0.000000000   1.0
    454  0.751000000  0.875000000  0.000000000   1.0
    455  0.751000000  0.916666667  0.000000000   1.0
    456  0.751000000  0.958333333  0.000000000   1.0
    457  0.792666667  0.000000000  0.000000000   1.0
    458  0.792666667  0.041666667  0.000000000   1.0
    459  0.792666667  0.083333333  0.000000000   1.0
    460  0.792666667  0.125000000  0.000000000   1.0
    461  0.792666667  0.166666667  0.000000000   1.0
    462  0.792666667  0.208333333  0.000000000   1.0
    463  0.792666667  0.250000000  0.000000000   1.0
    464  0.792666667  0.291666667  0.000000000   1.0
    465  0.792666667  0.333333333  0.000000000   1.0
    466  0.792666667  0.375000000  0.000000000   1.0
    467  0.792666667  0.416666667  0.000000000   1.0
    468  0.792666667  0.458333333  0.000000000   1.0
    469  0.792666667  0.500000000  0.000000000   1.0
    470  0.792666667  0.541666667  0.000000000   1.0
    471  0.792666667  0.583333333  0.000000000   1.0
    472  0.792666667  0.625000000  0.000000000   1.0
    473  0.792666667  0.666666667  0.000000000   1.0
    474  0.792666667  0.708333333  0.000000000   1.0
    475  0.792666667  0.750000000  0.000000000   1.0
    476  0.792666667  0.791666667  0.000000000   1.0
    477  0.792666667  0.833333333  0.000000000   1.0
    478  0.792666667  0.875000000  0.000000000   1.0
    479  0.792666667  0.916666667  0.000000000   1.0
    480  0.792666667  0.958333333  0.000000000   1.0
    481  0.834333333  0.000000000  0.000000000   1.0
    482  0.834333333  0.041666667  0.000000000   1.0
    483  0.834333333  0.083333333  0.000000000   1.0
    484  0.834333333  0.125000000  0.000000000   1.0
    485  0.834333333  0.166666667  0.000000000   1.0
    486  0.834333333  0.208333333  0.000000000   1.0
    487  0.834333333  0.250000000  0.000000000   1.0
    488  0.834333333  0.291666667  0.000000000   1.0
    489  0.834333333  0.333333333  0.000000000   1.0
    490  0.834333333  0.375000000  0.000000000   1.0
    491  0.834333333  0.416666667  0.000000000   1.0
    492  0.834333333  0.458333333  0.000000000   1.0
    493  0.834333333  0.500000000  0.000000000   1.0
    494  0.834333333  0.541666667  0.000000000   1.0
    495  0.834333333  0.583333333  0.000000000   1.0
    496  0.834333333  0.625000000  0.000000000   1.0
    497  0.834333333  0.666666667  0.000000000   1.0
    498  0.834333333  0.708333333  0.000000000   1.0
    499  0.834333333  0.750000000  0.000000000   1.0
    500  0.834333333  0.791666667  0.000000000   1.0
    501  0.834333333  0.833333333  0.000000000   1.0
    502  0.834333333  0.875000000  0.000000000   1.0
    503  0.834333333  0.916666667  0.000000000   1.0
    504  0.834333333  0.958333333  0.000000000   1.0
    505  0.876000000  0.000000000  0.000000000   1.0
    506  0.876000000  0.041666667  0.000000000   1.0
    507  0.876000000  0.083333333  0.000000000   1.0
    508  0.876000000  0.125000000  0.000000000   1.0
    509  0.876000000  0.166666667  0.000000000   1.0
    510  0.876000000  0.208333333  0.000000000   1.0
    511  0.876000000  0.250000000  0.000000000   1.0
    512  0.876000000  0.291666667  0.000000000   1.0
    513  0.876000000  0.333333333  0.000000000   1.0
    514  0.876000000  0.375000000  0.000000000   1.0
    515  0.876000000  0.416666667  0.000000000   1.0
    516  0.876000000  0.458333333  0.000000000   1.0
    517  0.876000000  0.500000000  0.000000000   1.0
    518  0.876000000  0.541666667  0.000000000   1.0
    519  0.876000000  0.583333333  0.000000000   1.0
    520  0.876000000  0.625000000  0.000000000   1.0
    521  0.876000000  0.666666667  0.000000000   1.0
    522  0.876000000  0.708333333  0.000000000   1.0
    523  0.876000000  0.750000000  0.000000000   1.0
    524  0.876000000  0.791666667  0.000000000   1.0
    525  0.876000000  0.833333333  0.000000000   1.0
    526  0.876000000  0.875000000  0.000000000   1.0
    527  0.876000000  0.916666667  0.000000000   1.0
    528  0.876000000  0.958333333  0.000000000   1.0
    529  0.917666667  0.000000000  0.000000000   1.0
    530  0.917666667  0.041666667  0.000000000   1.0
    531  0.917666667  0.083333333  0.000000000   1.0
    532  0.917666667  0.125000000  0.000000000   1.0
    533  0.917666667  0.166666667  0.000000000   1.0
    534  0.917666667  0.208333333  0.000000000   1.0
    535  0.917666667  0.250000000  0.000000000   1.0
    536  0.917666667  0.291666667  0.000000000   1.0
    537  0.917666667  0.333333333  0.000000000   1.0
    538  0.917666667  0.375000000  0.000000000   1.0
    539  0.917666667  0.416666667  0.000000000   1.0
    540  0.917666667  0.458333333  0.000000000   1.0
    541  0.917666667  0.500000000  0.000000000   1.0
    542  0.917666667  0.541666667  0.000000000   1.0
    543  0.917666667  0.583333333  0.000000000   1.0
    544  0.917666667  0.625000000  0.000000000   1.0
    545  0.917666667  0.666666667  0.000000000   1.0
    546  0.917666667  0.708333333  0.000000000   1.0
    547  0.917666667  0.750000000  0.000000000   1.0
    548  0.917666667  0.791666667  0.000000000   1.0
    549  0.917666667  0.833333333  0.000000000   1.0
    550  0.917666667  0.875000000  0.000000000   1.0
    551  0.917666667  0.916666667  0.000000000   1.0
    552  0.917666667  0.958333333  0.000000000   1.0
    553  0.959333333  0.000000000  0.000000000   1.0
    554  0.959333333  0.041666667  0.000000000   1.0
    555  0.959333333  0.083333333  0.000000000   1.0
    556  0.959333333  0.125000000  0.000000000   1.0
    557  0.959333333  0.166666667  0.000000000   1.0
    558  0.959333333  0.208333333  0.000000000   1.0
    559  0.959333333  0.250000000  0.000000000   1.0
    560  0.959333333  0.291666667  0.000000000   1.0
    561  0.959333333  0.333333333  0.000000000   1.0
    562  0.959333333  0.375000000  0.000000000   1.0
    563  0.959333333  0.416666667  0.000000000   1.0
    564  0.959333333  0.458333333  0.000000000   1.0
    565  0.959333333  0.500000000  0.000000000   1.0
    566  0.959333333  0.541666667  0.000000000   1.0
    567  0.959333333  0.583333333  0.000000000   1.0
    568  0.959333333  0.625000000  0.000000000   1.0
    569  0.959333333  0.666666667  0.000000000   1.0
    570  0.959333333  0.708333333  0.000000000   1.0
    571  0.959333333  0.750000000  0.000000000   1.0
    572  0.959333333  0.791666667  0.000000000   1.0
    573  0.959333333  0.833333333  0.000000000   1.0
    574  0.959333333  0.875000000  0.000000000   1.0
    575  0.959333333  0.916666667  0.000000000   1.0
    576  0.959333333  0.958333333  0.000000000   1.0

k-points folded with the symmetries of a subgroup of the q-vector
    300
      1  0.001000000  0.000000000  0.000000000   1.0
      2  0.001000000  0.041666667  0.000000000   2.0
      3  0.001000000  0.083333333  0.000000000   2.0
      4  0.001000000  0.125000000  0.000000000   2.0
      5  0.001000000  0.166666667  0.000000000   2.0
      6  0.001000000  0.208333333  0.000000000   2.0
      7  0.001000000  0.250000000  0.000000000   2.0
      8  0.001000000  0.291666667  0.000000000   2.0
      9  0.001000000  0.333333333  0.000000000   2.0
     10  0.001000000  0.375000000  0.000000000   2.0
     11  0.001000000  0.416666667  0.000000000   2.0
     12  0.001000000  0.458333333  0.000000000   2.0
     13  0.001000000  0.500000000  0.000000000   2.0
     14  0.001000000  0.541666667  0.000000000   2.0
     15  0.001000000  0.583333333  0.000000000   2.0
     16  0.001000000  0.625000000  0.000000000   2.0
     17  0.001000000  0.666666667  0.000000000   2.0
     18  0.001000000  0.708333333  0.000000000   2.0
     19  0.001000000  0.750000000  0.000000000   2.0
     20  0.001000000  0.791666667  0.000000000   2.0
     21  0.001000000  0.833333333  0.000000000   2.0
     22  0.001000000  0.875000000  0.000000000   2.0
     23  0.001000000  0.916666667  0.000000000   2.0
     24  0.001000000  0.958333333  0.000000000   2.0
     25  0.042666667  0.000000000  0.000000000   1.0
     26  0.042666667  0.041666667  0.000000000   2.0
     27  0.042666667  0.083333333  0.000000000   2.0
     28  0.042666667  0.125000000  0.000000000   2.0
     29  0.042666667  0.166666667  0.000000000   2.0
     30  0.042666667  0.208333333  0.000000000   2.0
     31  0.042666667  0.250000000  0.000000000   2.0
     32  0.042666667  0.291666667  0.000000000   2.0
     33  0.042666667  0.333333333  0.000000000   2.0
     34  0.042666667  0.375000000  0.000000000   2.0
     35  0.042666667  0.416666667  0.000000000   2.0
     36  0.042666667  0.458333333  0.000000000   2.0
     37  0.042666667  0.500000000  0.000000000   2.0
     38  0.042666667  0.541666667  0.000000000   2.0
     39  0.042666667  0.583333333  0.000000000   2.0
     40  0.042666667  0.625000000  0.000000000   2.0
     41  0.042666667  0.666666667  0.000000000   2.0
     42  0.042666667  0.708333333  0.000000000   2.0
     43  0.042666667  0.750000000  0.000000000   2.0
     44  0.042666667  0.791666667  0.000000000   2.0
     45  0.042666667  0.833333333  0.000000000   2.0
     46  0.042666667  0.875000000  0.000000000   2.0
     47  0.084333333  0.000000000  0.000000000   1.0
     48  0.084333333  0.041666667  0.000000000   2.0
     49  0.084333333  0.083333333  0.000000000   2.0
     50  0.084333333  0.125000000  0.000000000   2.0
     51  0.084333333  0.166666667  0.000000000   2.0
     52  0.084333333  0.208333333  0.000000000   2.0
     53  0.084333333  0.250000000  0.000000000   2.0
     54  0.084333333  0.291666667  0.000000000   2.0
     55  0.084333333  0.333333333  0.000000000   2.0
     56  0.084333333  0.375000000  0.000000000   2.0
     57  0.084333333  0.416666667  0.000000000   2.0
     58  0.084333333  0.458333333  0.000000000   2.0
     59  0.084333333  0.500000000  0.000000000   2.0
     60  0.084333333  0.541666667  0.000000000   2.0
     61  0.084333333  0.583333333  0.000000000   2.0
     62  0.084333333  0.625000000  0.000000000   2.0
     63  0.084333333  0.666666667  0.000000000   2.0
     64  0.084333333  0.708333333  0.000000000   2.0
     65  0.084333333  0.750000000  0.000000000   2.0
     66  0.084333333  0.791666667  0.000000000   2.0
     67  0.126000000  0.000000000  0.000000000   1.0
     68  0.126000000  0.041666667  0.000000000   2.0
     69  0.126000000  0.083333333  0.000000000   2.0
     70  0.126000000  0.125000000  0.000000000   2.0
     71  0.126000000  0.166666667  0.000000000   2.0
     72  0.126000000  0.208333333  0.000000000   2.0
     73  0.126000000  0.250000000  0.000000000   2.0
     74  0.126000000  0.291666667  0.000000000   2.0
     75  0.126000000  0.333333333  0.000000000   2.0
     76  0.126000000  0.375000000  0.000000000   2.0
     77  0.126000000  0.416666667  0.000000000   2.0
     78  0.126000000  0.458333333  0.000000000   2.0
     79  0.126000000  0.500000000  0.000000000   2.0
     80  0.126000000  0.541666667  0.000000000   2.0
     81  0.126000000  0.583333333  0.000000000   2.0
     82  0.126000000  0.625000000  0.000000000   2.0
     83  0.126000000  0.666666667  0.000000000   2.0
     84  0.126000000  0.708333333  0.000000000   2.0
     85  0.167666667  0.000000000  0.000000000   1.0
     86  0.167666667  0.041666667  0.000000000   2.0
     87  0.167666667  0.083333333  0.000000000   2.0
     88  0.167666667  0.125000000  0.000000000   2.0
     89  0.167666667  0.166666667  0.000000000   2.0
     90  0.167666667  0.208333333  0.000000000   2.0
     91  0.167666667  0.250000000  0.000000000   2.0
     92  0.167666667  0.291666667  0.000000000   2.0
     93  0.167666667  0.333333333  0.000000000   2.0
     94  0.167666667  0.375000000  0.000000000   2.0
     95  0.167666667  0.416666667  0.000000000   2.0
     96  0.167666667  0.458333333  0.000000000   2.0
     97  0.167666667  0.500000000  0.000000000   2.0
     98  0.167666667  0.541666667  0.000000000   2.0
     99  0.167666667  0.583333333  0.000000000   2.0
    100  0.167666667  0.625000000  0.000000000   2.0
    101  0.209333333  0.000000000  0.000000000   1.0
    102  0.209333333  0.041666667  0.000000000   2.0
    103  0.209333333  0.083333333  0.000000000   2.0
    104  0.209333333  0.125000000  0.000000000   2.0
    105  0.209333333  0.166666667  0.000000000   2.0
    106  0.209333333  0.208333333  0.000000000   2.0
    107  0.209333333  0.250000000  0.000000000   2.0
    108  0.209333333  0.291666667  0.000000000   2.0
    109  0.209333333  0.333333333  0.000000000   2.0
    110  0.209333333  0.375000000  0.000000000   2.0
    111  0.209333333  0.416666667  0.000000000   2.0
    112  0.209333333  0.458333333  0.000000000   2.0
    113  0.209333333  0.500000000  0.000000000   2.0
    114  0.209333333  0.541666667  0.000000000   2.0
    115  0.251000000  0.000000000  0.000000000   1.0
    116  0.251000000  0.041666667  0.000000000   2.0
    117  0.251000000  0.083333333  0.000000000   2.0
    118  0.251000000  0.125000000  0.000000000   2.0
    119  0.251000000  0.166666667  0.000000000   2.0
    120  0.251000000  0.208333333  0.000000000   2.0
    121  0.251000000  0.250000000  0.000000000   2.0
    122  0.251000000  0.291666667  0.000000000   2.0
    123  0.251000000  0.333333333  0.000000000   2.0
    124  0.251000000  0.375000000  0.000000000   2.0
    125  0.251000000  0.416666667  0.000000000   2.0
    126  0.251000000  0.458333333  0.000000000   2.0
    127  0.292666667  0.000000000  0.000000000   1.0
    128  0.292666667  0.041666667  0.000000000   2.0
    129  0.292666667  0.083333333  0.000000000   2.0
    130  0.292666667  0.125000000  0.000000000   2.0
    131  0.292666667  0.166666667  0.000000000   2.0
    132  0.292666667  0.208333333  0.000000000   2.0
    133  0.292666667  0.250000000  0.000000000   2.0
    134  0.292666667  0.291666667  0.000000000   2.0
    135  0.292666667  0.333333333  0.000000000   2.0
    136  0.292666667  0.375000000  0.000000000   2.0
    137  0.334333333  0.000000000  0.000000000   1.0
    138  0.334333333  0.041666667  0.000000000   2.0
    139  0.334333333  0.083333333  0.000000000   2.0
    140  0.334333333  0.125000000  0.000000000   2.0
    141  0.334333333  0.166666667  0.000000000   2.0
    142  0.334333333  0.208333333  0.000000000   2.0
    143  0.334333333  0.250000000  0.000000000   2.0
    144  0.334333333  0.291666667  0.000000000   2.0
    145  0.334333333  0.333333333  0.000000000   2.0
    146  0.376000000  0.000000000  0.000000000   1.0
    147  0.376000000  0.041666667  0.000000000   2.0
    148  0.376000000  0.083333333  0.000000000   2.0
    149  0.376000000  0.125000000  0.000000000   2.0
    150  0.376000000  0.166666667  0.000000000   2.0
    151  0.376000000  0.208333333  0.000000000   2.0
    152  0.376000000  0.250000000  0.000000000   2.0
    153  0.376000000  0.291666667  0.000000000   2.0
    154  0.417666667  0.000000000  0.000000000   1.0
    155  0.417666667  0.041666667  0.000000000   2.0
    156  0.417666667  0.083333333  0.000000000   2.0
    157  0.417666667  0.125000000  0.000000000   2.0
    158  0.417666667  0.166666667  0.000000000   2.0
    159  0.417666667  0.208333333  0.000000000   2.0
    160  0.417666667  0.250000000  0.000000000   2.0
    161  0.417666667  0.291666667  0.000000000   2.0
    162  0.459333333  0.000000000  0.000000000   1.0
    163  0.459333333  0.041666667  0.000000000   2.0
    164  0.459333333  0.083333333  0.000000000   2.0
    165  0.459333333  0.125000000  0.000000000   2.0
    166  0.459333333  0.166666667  0.000000000   2.0
    167  0.459333333  0.208333333  0.000000000   2.0
    168  0.459333333  0.250000000  0.000000000   2.0
    169  0.501000000  0.000000000  0.000000000   1.0
    170  0.501000000  0.041666667  0.000000000   2.0
    171  0.501000000  0.083333333  0.000000000   2.0
    172  0.501000000  0.125000000  0.000000000   2.0
    173  0.501000000  0.166666667  0.000000000   2.0
    174  0.501000000  0.208333333  0.000000000   2.0
    175  0.501000000  0.250000000  0.000000000   2.0
    176  0.542666667  0.000000000  0.000000000   1.0
    177  0.542666667  0.041666667  0.000000000   2.0
    178  0.542666667  0.083333333  0.000000000   2.0
    179  0.542666667  0.125000000  0.000000000   2.0
    180  0.542666667  0.166666667  0.000000000   2.0
    181  0.542666667  0.208333333  0.000000000   2.0
    182  0.584333333  0.000000000  0.000000000   1.0
    183  0.584333333  0.041666667  0.000000000   2.0
    184  0.584333333  0.083333333  0.000000000   2.0
    185  0.584333333  0.125000000  0.000000000   2.0
    186  0.584333333  0.166666667  0.000000000   2.0
    187  0.584333333  0.208333333  0.000000000   2.0
    188  0.626000000  0.000000000  0.000000000   1.0
    189  0.626000000  0.041666667  0.000000000   2.0
    190  0.626000000  0.083333333  0.000000000   2.0
    191  0.626000000  0.125000000  0.000000000   2.0
    192  0.626000000  0.166666667  0.000000000   2.0
    193  0.667666667  0.000000000  0.000000000   1.0
    194  0.667666667  0.041666667  0.000000000   2.0
    195  0.667666667  0.083333333  0.000000000   2.0
    196  0.667666667  0.125000000  0.000000000   2.0
    197  0.667666667  0.166666667  0.000000000   2.0
    198  0.709333333  0.000000000  0.000000000   1.0
    199  0.709333333  0.041666667  0.000000000   2.0
    200  0.709333333  0.083333333  0.000000000   2.0
    201  0.709333333  0.125000000  0.000000000   2.0
    202  0.709333333  0.583333333  0.000000000   2.0
    203  0.709333333  0.625000000  0.000000000   2.0
    204  0.709333333  0.666666667  0.000000000   2.0
    205  0.751000000  0.000000000  0.000000000   1.0
    206  0.751000000  0.041666667  0.000000000   2.0
    207  0.751000000  0.083333333  0.000000000   2.0
    208  0.751000000  0.125000000  0.000000000   2.0
    209  0.751000000  0.500000000  0.000000000   2.0
    210  0.751000000  0.541666667  0.000000000   2.0
    211  0.751000000  0.583333333  0.000000000   2.0
    212  0.751000000  0.625000000  0.000000000   2.0
    213  0.751000000  0.666666667  0.000000000   2.0
    214  0.751000000  0.708333333  0.000000000   2.0
    215  0.792666667  0.000000000  0.000000000   1.0
    216  0.792666667  0.041666667  0.000000000   2.0
    217  0.792666667  0.083333333  0.000000000   2.0
    218  0.792666667  0.416666667  0.000000000   2.0
    219  0.792666667  0.458333333  0.000000000   2.0
    220  0.792666667  0.500000000  0.000000000   2.0
    221  0.792666667  0.541666667  0.000000000   2.0
    222  0.792666667  0.583333333  0.000000000   2.0
    223  0.792666667  0.625000000  0.000000000   2.0
    224  0.792666667  0.666666667  0.000000000   2.0
    225  0.792666667  0.708333333  0.000000000   2.0
    226  0.792666667  0.750000000  0.000000000   2.0
    227  0.834333333  0.000000000  0.000000000   1.0
    228  0.834333333  0.041666667  0.000000000   2.0
    229  0.834333333  0.083333333  0.000000000   2.0
    230  0.834333333  0.333333333  0.000000000   2.0
    231  0.834333333  0.375000000  0.000000000   2.0
    232  0.834333333  0.416666667  0.000000000   2.0
    233  0.834333333  0.458333333  0.000000000   2.0
    234  0.834333333  0.500000000  0.000000000   2.0
    235  0.834333333  0.541666667  0.000000000   2.0
    236  0.834333333  0.583333333  0.000000000   2.0
    237  0.834333333  0.625000000  0.000000000   2.0
    238  0.834333333  0.666666667  0.000000000   2.0
    239  0.834333333  0.708333333  0.000000000   2.0
    240  0.834333333  0.750000000  0.000000000   2.0
    241  0.834333333  0.791666667  0.000000000   2.0
    242  0.876000000  0.000000000  0.000000000   1.0
    243  0.876000000  0.041666667  0.000000000   2.0
    244  0.876000000  0.250000000  0.000000000   2.0
    245  0.876000000  0.291666667  0.000000000   2.0
    246  0.876000000  0.333333333  0.000000000   2.0
    247  0.876000000  0.375000000  0.000000000   2.0
    248  0.876000000  0.416666667  0.000000000   2.0
    249  0.876000000  0.458333333  0.000000000   2.0
    250  0.876000000  0.500000000  0.000000000   2.0
    251  0.876000000  0.541666667  0.000000000   2.0
    252  0.876000000  0.583333333  0.000000000   2.0
    253  0.876000000  0.625000000  0.000000000   2.0
    254  0.876000000  0.666666667  0.000000000   2.0
    255  0.876000000  0.708333333  0.000000000   2.0
    256  0.876000000  0.750000000  0.000000000   2.0
    257  0.876000000  0.791666667  0.000000000   2.0
    258  0.876000000  0.833333333  0.000000000   2.0
    259  0.917666667  0.000000000  0.000000000   1.0
    260  0.917666667  0.041666667  0.000000000   2.0
    261  0.917666667  0.166666667  0.000000000   2.0
    262  0.917666667  0.208333333  0.000000000   2.0
    263  0.917666667  0.250000000  0.000000000   2.0
    264  0.917666667  0.291666667  0.000000000   2.0
    265  0.917666667  0.333333333  0.000000000   2.0
    266  0.917666667  0.375000000  0.000000000   2.0
    267  0.917666667  0.416666667  0.000000000   2.0
    268  0.917666667  0.458333333  0.000000000   2.0
    269  0.917666667  0.500000000  0.000000000   2.0
    270  0.917666667  0.541666667  0.000000000   2.0
    271  0.917666667  0.583333333  0.000000000   2.0
    272  0.917666667  0.625000000  0.000000000   2.0
    273  0.917666667  0.666666667  0.000000000   2.0
    274  0.917666667  0.708333333  0.000000000   2.0
    275  0.917666667  0.750000000  0.000000000   2.0
    276  0.917666667  0.791666667  0.000000000   2.0
    277  0.917666667  0.833333333  0.000000000   2.0
    278  0.917666667  0.875000000  0.000000000   2.0
    279  0.959333333  0.000000000  0.000000000   1.0
    280  0.959333333  0.083333333  0.000000000   2.0
    281  0.959333333  0.125000000  0.000000000   2.0
    282  0.959333333  0.166666667  0.000000000   2.0
    283  0.959333333  0.208333333  0.000000000   2.0
    284  0.959333333  0.250000000  0.000000000   2.0
    285  0.959333333  0.291666667  0.000000000   2.0
    286  0.959333333  0.333333333  0.000000000   2.0
    287  0.959333333  0.375000000  0.000000000   2.0
    288  0.959333333  0.416666667  0.000000000   2.0
    289  0.959333333  0.458333333  0.000000000   2.0
    290  0.959333333  0.500000000  0.000000000   2.0
    291  0.959333333  0.541666667  0.000000000   2.0
    292  0.959333333  0.583333333  0.000000000   2.0
    293  0.959333333  0.625000000  0.000000000   2.0
    294  0.959333333  0.666666667  0.000000000   2.0
    295  0.959333333  0.708333333  0.000000000   2.0
    296  0.959333333  0.750000000  0.000000000   2.0
    297  0.959333333  0.791666667  0.000000000   2.0
    298  0.959333333  0.833333333  0.000000000   2.0
    299  0.959333333  0.875000000  0.000000000   2.0
    300  0.959333333  0.916666667  0.000000000   2.0

