k-points are in crystal coordinates
nk(3) =    24   24    1
dk(3) =   0.000000000  0.000000000  0.000000000

direct lattice vectors
a1 =   6.273764004  0.000000000  0.000000000
a2 =  -3.136882002  5.433239005  0.000000000
a3 =   0.000000000  0.000000000 37.794522493

unit cell volume =  0.128829657E+04

reciprocal lattice vectors
b1 =   1.001501699  0.578217275  0.000000000
b2 =   0.000000000  1.156434551  0.000000000
b3 =   0.000000000  0.000000000  0.166245924

symmetries of the Bravais lattice
 24
Space group 191, symbol P6/mmm               
r01 =     1   0   0     0   1   0     0   0   1      0.000000    0.000000    0.000000
r02 =     1   0   0     0   1   0     0   0  -1      0.000000    0.000000    0.000000
r03 =    -1   0   0    -1   1   0     0   0   1      0.000000    0.000000    0.000000
r04 =    -1   0   0    -1   1   0     0   0  -1      0.000000    0.000000    0.000000
r05 =    -1   1   0     0   1   0     0   0   1      0.000000    0.000000    0.000000
r06 =    -1   1   0     0   1   0     0   0  -1      0.000000    0.000000    0.000000
r07 =     1  -1   0     1   0   0     0   0   1      0.000000    0.000000    0.000000
r08 =     1  -1   0     1   0   0     0   0  -1      0.000000    0.000000    0.000000
r09 =    -1   0   0     0  -1   0     0   0   1      0.000000    0.000000    0.000000
r10 =    -1   0   0     0  -1   0     0   0  -1      0.000000    0.000000    0.000000
r11 =     1   0   0     1  -1   0     0   0   1      0.000000    0.000000    0.000000
r12 =     1   0   0     1  -1   0     0   0  -1      0.000000    0.000000    0.000000
r13 =     1  -1   0     0  -1   0     0   0   1      0.000000    0.000000    0.000000
r14 =     1  -1   0     0  -1   0     0   0  -1      0.000000    0.000000    0.000000
r15 =    -1   1   0    -1   0   0     0   0   1      0.000000    0.000000    0.000000
r16 =    -1   1   0    -1   0   0     0   0  -1      0.000000    0.000000    0.000000
r17 =     0   1   0    -1   1   0     0   0   1      0.000000    0.000000    0.000000
r18 =     0   1   0    -1   1   0     0   0  -1      0.000000    0.000000    0.000000
r19 =     0  -1   0    -1   0   0     0   0   1      0.000000    0.000000    0.000000
r20 =     0  -1   0    -1   0   0     0   0  -1      0.000000    0.000000    0.000000
r21 =     0   1   0     1   0   0     0   0   1      0.000000    0.000000    0.000000
r22 =     0   1   0     1   0   0     0   0  -1      0.000000    0.000000    0.000000
r23 =     0  -1   0     1  -1   0     0   0   1      0.000000    0.000000    0.000000
r24 =     0  -1   0     1  -1   0     0   0  -1      0.000000    0.000000    0.000000

symmetries of the crystal without FFT grid
 12
Space group 187, symbol P-6m2                
r01 =     1   0   0     0   1   0     0   0   1      0.000000    0.000000    0.000000
r02 =     1   0   0     0   1   0     0   0  -1      0.000000    0.000000    2.157832
r03 =    -1   1   0     0   1   0     0   0   1     -0.000000    0.000000    0.000000
r04 =    -1   1   0     0   1   0     0   0  -1     -0.000000    0.000000    2.157832
r05 =     1   0   0     1  -1   0     0   0   1      0.000000    0.000000    0.000000
r06 =     1   0   0     1  -1   0     0   0  -1      0.000000    0.000000    2.157832
r07 =    -1   1   0    -1   0   0     0   0   1      0.000000    0.000000    0.000000
r08 =    -1   1   0    -1   0   0     0   0  -1      0.000000    0.000000    2.157832
r09 =     0  -1   0    -1   0   0     0   0   1      0.000000    0.000000    0.000000
r10 =     0  -1   0    -1   0   0     0   0  -1      0.000000    0.000000    2.157832
r11 =     0  -1   0     1  -1   0     0   0   1     -0.000000    0.000000    0.000000
r12 =     0  -1   0     1  -1   0     0   0  -1     -0.000000    0.000000    2.157832

FFT grid:     40    40   225

symmetries of the crystal with FFT grid
  6
Space group 187, symbol P-6m2                
r01 =     1   0   0     0   1   0     0   0   1      0.000000    0.000000    0.000000
r02 =    -1   1   0     0   1   0     0   0   1     -0.000000    0.000000    0.000000
r03 =     1   0   0     1  -1   0     0   0   1      0.000000    0.000000    0.000000
r04 =    -1   1   0    -1   0   0     0   0   1      0.000000    0.000000    0.000000
r05 =     0  -1   0    -1   0   0     0   0   1      0.000000    0.000000    0.000000
r06 =     0  -1   0     1  -1   0     0   0   1     -0.000000    0.000000    0.000000

symmetries that reduce the k-points
r02 =    -1   1   0     0   1   0     0   0   1
r03 =     1   0   0     1  -1   0     0   0   1
r04 =    -1   1   0    -1   0   0     0   0   1
r05 =     0  -1   0    -1   0   0     0   0   1
r06 =     0  -1   0     1  -1   0     0   0   1

k-points in the original uniform grid
    576
      1  0.000000000  0.000000000  0.000000000   1.0       0  ---
      2  0.000000000  0.041666667  0.000000000   3.0       0  ---
      3  0.000000000  0.083333333  0.000000000   3.0       0  ---
      4  0.000000000  0.125000000  0.000000000   3.0       0  ---
      5  0.000000000  0.166666667  0.000000000   3.0       0  ---
      6  0.000000000  0.208333333  0.000000000   3.0       0  ---
      7  0.000000000  0.250000000  0.000000000   3.0       0  ---
      8  0.000000000  0.291666667  0.000000000   3.0       0  ---
      9  0.000000000  0.333333333  0.000000000   3.0       0  ---
     10  0.000000000  0.375000000  0.000000000   3.0       0  ---
     11  0.000000000  0.416666667  0.000000000   3.0       0  ---
     12  0.000000000  0.458333333  0.000000000   3.0       0  ---
     13  0.000000000  0.500000000  0.000000000   3.0       0  ---
     14  0.000000000  0.541666667  0.000000000   3.0       0  ---
     15  0.000000000  0.583333333  0.000000000   3.0       0  ---
     16  0.000000000  0.625000000  0.000000000   3.0       0  ---
     17  0.000000000  0.666666667  0.000000000   3.0       0  ---
     18  0.000000000  0.708333333  0.000000000   3.0       0  ---
     19  0.000000000  0.750000000  0.000000000   3.0       0  ---
     20  0.000000000  0.791666667  0.000000000   3.0       0  ---
     21  0.000000000  0.833333333  0.000000000   3.0       0  ---
     22  0.000000000  0.875000000  0.000000000   3.0       0  ---
     23  0.000000000  0.916666667  0.000000000   3.0       0  ---
     24  0.000000000  0.958333333  0.000000000   3.0       0  ---
     25  0.041666667  0.000000000  0.000000000   0.0      24  r05
     26  0.041666667  0.041666667  0.000000000   6.0       0  ---
     27  0.041666667  0.083333333  0.000000000   6.0       0  ---
     28  0.041666667  0.125000000  0.000000000   6.0       0  ---
     29  0.041666667  0.166666667  0.000000000   6.0       0  ---
     30  0.041666667  0.208333333  0.000000000   6.0       0  ---
     31  0.041666667  0.250000000  0.000000000   6.0       0  ---
     32  0.041666667  0.291666667  0.000000000   6.0       0  ---
     33  0.041666667  0.333333333  0.000000000   6.0       0  ---
     34  0.041666667  0.375000000  0.000000000   6.0       0  ---
     35  0.041666667  0.416666667  0.000000000   6.0       0  ---
     36  0.041666667  0.458333333  0.000000000   6.0       0  ---
     37  0.041666667  0.500000000  0.000000000   6.0       0  ---
     38  0.041666667  0.541666667  0.000000000   6.0       0  ---
     39  0.041666667  0.583333333  0.000000000   6.0       0  ---
     40  0.041666667  0.625000000  0.000000000   6.0       0  ---
     41  0.041666667  0.666666667  0.000000000   6.0       0  ---
     42  0.041666667  0.708333333  0.000000000   6.0       0  ---
     43  0.041666667  0.750000000  0.000000000   6.0       0  ---
     44  0.041666667  0.791666667  0.000000000   6.0       0  ---
     45  0.041666667  0.833333333  0.000000000   6.0       0  ---
     46  0.041666667  0.875000000  0.000000000   6.0       0  ---
     47  0.041666667  0.916666667  0.000000000   0.0      26  r04
     48  0.041666667  0.958333333  0.000000000   0.0       2  r03
     49  0.083333333  0.000000000  0.000000000   0.0      23  r05
     50  0.083333333  0.041666667  0.000000000   0.0      46  r06
     51  0.083333333  0.083333333  0.000000000   6.0       0  ---
     52  0.083333333  0.125000000  0.000000000   6.0       0  ---
     53  0.083333333  0.166666667  0.000000000   6.0       0  ---
     54  0.083333333  0.208333333  0.000000000   6.0       0  ---
     55  0.083333333  0.250000000  0.000000000   6.0       0  ---
     56  0.083333333  0.291666667  0.000000000   6.0       0  ---
     57  0.083333333  0.333333333  0.000000000   6.0       0  ---
     58  0.083333333  0.375000000  0.000000000   6.0       0  ---
     59  0.083333333  0.416666667  0.000000000   6.0       0  ---
     60  0.083333333  0.458333333  0.000000000   6.0       0  ---
     61  0.083333333  0.500000000  0.000000000   6.0       0  ---
     62  0.083333333  0.541666667  0.000000000   6.0       0  ---
     63  0.083333333  0.583333333  0.000000000   6.0       0  ---
     64  0.083333333  0.625000000  0.000000000   6.0       0  ---
     65  0.083333333  0.666666667  0.000000000   6.0       0  ---
     66  0.083333333  0.708333333  0.000000000   6.0       0  ---
     67  0.083333333  0.750000000  0.000000000   6.0       0  ---
     68  0.083333333  0.791666667  0.000000000   6.0       0  ---
     69  0.083333333  0.833333333  0.000000000   0.0      51  r04
     70  0.083333333  0.875000000  0.000000000   0.0      27  r04
     71  0.083333333  0.916666667  0.000000000   0.0       3  r03
     72  0.083333333  0.958333333  0.000000000   0.0      26  r03
     73  0.125000000  0.000000000  0.000000000   0.0      22  r05
     74  0.125000000  0.041666667  0.000000000   0.0      45  r06
     75  0.125000000  0.083333333  0.000000000   0.0      68  r06
     76  0.125000000  0.125000000  0.000000000   6.0       0  ---
     77  0.125000000  0.166666667  0.000000000   6.0       0  ---
     78  0.125000000  0.208333333  0.000000000   6.0       0  ---
     79  0.125000000  0.250000000  0.000000000   6.0       0  ---
     80  0.125000000  0.291666667  0.000000000   6.0       0  ---
     81  0.125000000  0.333333333  0.000000000   6.0       0  ---
     82  0.125000000  0.375000000  0.000000000   6.0       0  ---
     83  0.125000000  0.416666667  0.000000000   6.0       0  ---
     84  0.125000000  0.458333333  0.000000000   6.0       0  ---
     85  0.125000000  0.500000000  0.000000000   6.0       0  ---
     86  0.125000000  0.541666667  0.000000000   6.0       0  ---
     87  0.125000000  0.583333333  0.000000000   6.0       0  ---
     88  0.125000000  0.625000000  0.000000000   6.0       0  ---
     89  0.125000000  0.666666667  0.000000000   6.0       0  ---
     90  0.125000000  0.708333333  0.000000000   6.0       0  ---
     91  0.125000000  0.750000000  0.000000000   0.0      76  r04
     92  0.125000000  0.791666667  0.000000000   0.0      52  r04
     93  0.125000000  0.833333333  0.000000000   0.0      28  r04
     94  0.125000000  0.875000000  0.000000000   0.0       4  r03
     95  0.125000000  0.916666667  0.000000000   0.0      27  r03
     96  0.125000000  0.958333333  0.000000000   0.0      46  r03
     97  0.166666667  0.000000000  0.000000000   0.0      21  r05
     98  0.166666667  0.041666667  0.000000000   0.0      44  r06
     99  0.166666667  0.083333333  0.000000000   0.0      67  r06
    100  0.166666667  0.125000000  0.000000000   0.0      90  r06
    101  0.166666667  0.166666667  0.000000000   6.0       0  ---
    102  0.166666667  0.208333333  0.000000000   6.0       0  ---
    103  0.166666667  0.250000000  0.000000000   6.0       0  ---
    104  0.166666667  0.291666667  0.000000000   6.0       0  ---
    105  0.166666667  0.333333333  0.000000000   6.0       0  ---
    106  0.166666667  0.375000000  0.000000000   6.0       0  ---
    107  0.166666667  0.416666667  0.000000000   6.0       0  ---
    108  0.166666667  0.458333333  0.000000000   6.0       0  ---
    109  0.166666667  0.500000000  0.000000000   6.0       0  ---
    110  0.166666667  0.541666667  0.000000000   6.0       0  ---
    111  0.166666667  0.583333333  0.000000000   6.0       0  ---
    112  0.166666667  0.625000000  0.000000000   6.0       0  ---
    113  0.166666667  0.666666667  0.000000000   0.0     101  r04
    114  0.166666667  0.708333333  0.000000000   0.0      77  r04
    115  0.166666667  0.750000000  0.000000000   0.0      53  r04
    116  0.166666667  0.791666667  0.000000000   0.0      29  r04
    117  0.166666667  0.833333333  0.000000000   0.0       5  r03
    118  0.166666667  0.875000000  0.000000000   0.0      28  r03
    119  0.166666667  0.916666667  0.000000000   0.0      51  r03
    120  0.166666667  0.958333333  0.000000000   0.0      45  r03
    121  0.208333333  0.000000000  0.000000000   0.0      20  r05
    122  0.208333333  0.041666667  0.000000000   0.0      43  r06
    123  0.208333333  0.083333333  0.000000000   0.0      66  r06
    124  0.208333333  0.125000000  0.000000000   0.0      89  r06
    125  0.208333333  0.166666667  0.000000000   0.0     112  r06
    126  0.208333333  0.208333333  0.000000000   6.0       0  ---
    127  0.208333333  0.250000000  0.000000000   6.0       0  ---
    128  0.208333333  0.291666667  0.000000000   6.0       0  ---
    129  0.208333333  0.333333333  0.000000000   6.0       0  ---
    130  0.208333333  0.375000000  0.000000000   6.0       0  ---
    131  0.208333333  0.416666667  0.000000000   6.0       0  ---
    132  0.208333333  0.458333333  0.000000000   6.0       0  ---
    133  0.208333333  0.500000000  0.000000000   6.0       0  ---
    134  0.208333333  0.541666667  0.000000000   6.0       0  ---
    135  0.208333333  0.583333333  0.000000000   0.0     126  r04
    136  0.208333333  0.625000000  0.000000000   0.0     102  r04
    137  0.208333333  0.666666667  0.000000000   0.0      78  r04
    138  0.208333333  0.708333333  0.000000000   0.0      54  r04
    139  0.208333333  0.750000000  0.000000000   0.0      30  r04
    140  0.208333333  0.791666667  0.000000000   0.0       6  r03
    141  0.208333333  0.833333333  0.000000000   0.0      29  r03
    142  0.208333333  0.875000000  0.000000000   0.0      52  r03
    143  0.208333333  0.916666667  0.000000000   0.0      68  r03
    144  0.208333333  0.958333333  0.000000000   0.0      44  r03
    145  0.250000000  0.000000000  0.000000000   0.0      19  r05
    146  0.250000000  0.041666667  0.000000000   0.0      42  r06
    147  0.250000000  0.083333333  0.000000000   0.0      65  r06
    148  0.250000000  0.125000000  0.000000000   0.0      88  r06
    149  0.250000000  0.166666667  0.000000000   0.0     111  r06
    150  0.250000000  0.208333333  0.000000000   0.0     134  r06
    151  0.250000000  0.250000000  0.000000000   6.0       0  ---
    152  0.250000000  0.291666667  0.000000000   6.0       0  ---
    153  0.250000000  0.333333333  0.000000000   6.0       0  ---
    154  0.250000000  0.375000000  0.000000000   6.0       0  ---
    155  0.250000000  0.416666667  0.000000000   6.0       0  ---
    156  0.250000000  0.458333333  0.000000000   6.0       0  ---
    157  0.250000000  0.500000000  0.000000000   0.0     151  r04
    158  0.250000000  0.541666667  0.000000000   0.0     127  r04
    159  0.250000000  0.583333333  0.000000000   0.0     103  r04
    160  0.250000000  0.625000000  0.000000000   0.0      79  r04
    161  0.250000000  0.666666667  0.000000000   0.0      55  r04
    162  0.250000000  0.708333333  0.000000000   0.0      31  r04
    163  0.250000000  0.750000000  0.000000000   0.0       7  r03
    164  0.250000000  0.791666667  0.000000000   0.0      30  r03
    165  0.250000000  0.833333333  0.000000000   0.0      53  r03
    166  0.250000000  0.875000000  0.000000000   0.0      76  r03
    167  0.250000000  0.916666667  0.000000000   0.0      67  r03
    168  0.250000000  0.958333333  0.000000000   0.0      43  r03
    169  0.291666667  0.000000000  0.000000000   0.0      18  r05
    170  0.291666667  0.041666667  0.000000000   0.0      41  r06
    171  0.291666667  0.083333333  0.000000000   0.0      64  r06
    172  0.291666667  0.125000000  0.000000000   0.0      87  r06
    173  0.291666667  0.166666667  0.000000000   0.0     110  r06
    174  0.291666667  0.208333333  0.000000000   0.0     133  r06
    175  0.291666667  0.250000000  0.000000000   0.0     156  r06
    176  0.291666667  0.291666667  0.000000000   6.0       0  ---
    177  0.291666667  0.333333333  0.000000000   6.0       0  ---
    178  0.291666667  0.375000000  0.000000000   6.0       0  ---
    179  0.291666667  0.416666667  0.000000000   0.0     176  r04
    180  0.291666667  0.458333333  0.000000000   0.0     152  r04
    181  0.291666667  0.500000000  0.000000000   0.0     128  r04
    182  0.291666667  0.541666667  0.000000000   0.0     104  r04
    183  0.291666667  0.583333333  0.000000000   0.0      80  r04
    184  0.291666667  0.625000000  0.000000000   0.0      56  r04
    185  0.291666667  0.666666667  0.000000000   0.0      32  r04
    186  0.291666667  0.708333333  0.000000000   0.0       8  r03
    187  0.291666667  0.750000000  0.000000000   0.0      31  r03
    188  0.291666667  0.791666667  0.000000000   0.0      54  r03
    189  0.291666667  0.833333333  0.000000000   0.0      77  r03
    190  0.291666667  0.875000000  0.000000000   0.0      90  r03
    191  0.291666667  0.916666667  0.000000000   0.0      66  r03
    192  0.291666667  0.958333333  0.000000000   0.0      42  r03
    193  0.333333333  0.000000000  0.000000000   0.0      17  r05
    194  0.333333333  0.041666667  0.000000000   0.0      40  r06
    195  0.333333333  0.083333333  0.000000000   0.0      63  r06
    196  0.333333333  0.125000000  0.000000000   0.0      86  r06
    197  0.333333333  0.166666667  0.000000000   0.0     109  r06
    198  0.333333333  0.208333333  0.000000000   0.0     132  r06
    199  0.333333333  0.250000000  0.000000000   0.0     155  r06
    200  0.333333333  0.291666667  0.000000000   0.0     178  r06
    201  0.333333333  0.333333333  0.000000000   2.0       0  ---
    202  0.333333333  0.375000000  0.000000000   0.0     177  r04
    203  0.333333333  0.416666667  0.000000000   0.0     153  r04
    204  0.333333333  0.458333333  0.000000000   0.0     129  r04
    205  0.333333333  0.500000000  0.000000000   0.0     105  r04
    206  0.333333333  0.541666667  0.000000000   0.0      81  r04
    207  0.333333333  0.583333333  0.000000000   0.0      57  r04
    208  0.333333333  0.625000000  0.000000000   0.0      33  r04
    209  0.333333333  0.666666667  0.000000000   0.0       9  r03
    210  0.333333333  0.708333333  0.000000000   0.0      32  r03
    211  0.333333333  0.750000000  0.000000000   0.0      55  r03
    212  0.333333333  0.791666667  0.000000000   0.0      78  r03
    213  0.333333333  0.833333333  0.000000000   0.0     101  r03
    214  0.333333333  0.875000000  0.000000000   0.0      89  r03
    215  0.333333333  0.916666667  0.000000000   0.0      65  r03
    216  0.333333333  0.958333333  0.000000000   0.0      41  r03
    217  0.375000000  0.000000000  0.000000000   0.0      16  r05
    218  0.375000000  0.041666667  0.000000000   0.0      39  r06
    219  0.375000000  0.083333333  0.000000000   0.0      62  r06
    220  0.375000000  0.125000000  0.000000000   0.0      85  r06
    221  0.375000000  0.166666667  0.000000000   0.0     108  r06
    222  0.375000000  0.208333333  0.000000000   0.0     131  r06
    223  0.375000000  0.250000000  0.000000000   0.0     154  r06
    224  0.375000000  0.291666667  0.000000000   0.0     177  r04
    225  0.375000000  0.333333333  0.000000000   0.0     178  r04
    226  0.375000000  0.375000000  0.000000000   0.0     154  r04
    227  0.375000000  0.416666667  0.000000000   0.0     130  r04
    228  0.375000000  0.458333333  0.000000000   0.0     106  r04
    229  0.375000000  0.500000000  0.000000000   0.0      82  r04
    230  0.375000000  0.541666667  0.000000000   0.0      58  r04
    231  0.375000000  0.583333333  0.000000000   0.0      34  r04
    232  0.375000000  0.625000000  0.000000000   0.0      10  r03
    233  0.375000000  0.666666667  0.000000000   0.0      33  r03
    234  0.375000000  0.708333333  0.000000000   0.0      56  r03
    235  0.375000000  0.750000000  0.000000000   0.0      79  r03
    236  0.375000000  0.791666667  0.000000000   0.0     102  r03
    237  0.375000000  0.833333333  0.000000000   0.0     112  r03
    238  0.375000000  0.875000000  0.000000000   0.0      88  r03
    239  0.375000000  0.916666667  0.000000000   0.0      64  r03
    240  0.375000000  0.958333333  0.000000000   0.0      40  r03
    241  0.416666667  0.000000000  0.000000000   0.0      15  r05
    242  0.416666667  0.041666667  0.000000000   0.0      38  r06
    243  0.416666667  0.083333333  0.000000000   0.0      61  r06
    244  0.416666667  0.125000000  0.000000000   0.0      84  r06
    245  0.416666667  0.166666667  0.000000000   0.0     107  r06
    246  0.416666667  0.208333333  0.000000000   0.0     130  r04
    247  0.416666667  0.250000000  0.000000000   0.0     153  r04
    248  0.416666667  0.291666667  0.000000000   0.0     176  r04
    249  0.416666667  0.333333333  0.000000000   0.0     155  r04
    250  0.416666667  0.375000000  0.000000000   0.0     131  r04
    251  0.416666667  0.416666667  0.000000000   0.0     107  r04
    252  0.416666667  0.458333333  0.000000000   0.0      83  r04
    253  0.416666667  0.500000000  0.000000000   0.0      59  r04
    254  0.416666667  0.541666667  0.000000000   0.0      35  r04
    255  0.416666667  0.583333333  0.000000000   0.0      11  r03
    256  0.416666667  0.625000000  0.000000000   0.0      34  r03
    257  0.416666667  0.666666667  0.000000000   0.0      57  r03
    258  0.416666667  0.708333333  0.000000000   0.0      80  r03
    259  0.416666667  0.750000000  0.000000000   0.0     103  r03
    260  0.416666667  0.791666667  0.000000000   0.0     126  r03
    261  0.416666667  0.833333333  0.000000000   0.0     111  r03
    262  0.416666667  0.875000000  0.000000000   0.0      87  r03
    263  0.416666667  0.916666667  0.000000000   0.0      63  r03
    264  0.416666667  0.958333333  0.000000000   0.0      39  r03
    265  0.458333333  0.000000000  0.000000000   0.0      14  r05
    266  0.458333333  0.041666667  0.000000000   0.0      37  r06
    267  0.458333333  0.083333333  0.000000000   0.0      60  r06
    268  0.458333333  0.125000000  0.000000000   0.0      83  r04
    269  0.458333333  0.166666667  0.000000000   0.0     106  r04
    270  0.458333333  0.208333333  0.000000000   0.0     129  r04
    271  0.458333333  0.250000000  0.000000000   0.0     152  r04
    272  0.458333333  0.291666667  0.000000000   0.0     156  r04
    273  0.458333333  0.333333333  0.000000000   0.0     132  r04
    274  0.458333333  0.375000000  0.000000000   0.0     108  r04
    275  0.458333333  0.416666667  0.000000000   0.0      84  r04
    276  0.458333333  0.458333333  0.000000000   0.0      60  r04
    277  0.458333333  0.500000000  0.000000000   0.0      36  r04
    278  0.458333333  0.541666667  0.000000000   0.0      12  r03
    279  0.458333333  0.583333333  0.000000000   0.0      35  r03
    280  0.458333333  0.625000000  0.000000000   0.0      58  r03
    281  0.458333333  0.666666667  0.000000000   0.0      81  r03
    282  0.458333333  0.708333333  0.000000000   0.0     104  r03
    283  0.458333333  0.750000000  0.000000000   0.0     127  r03
    284  0.458333333  0.791666667  0.000000000   0.0     134  r03
    285  0.458333333  0.833333333  0.000000000   0.0     110  r03
    286  0.458333333  0.875000000  0.000000000   0.0      86  r03
    287  0.458333333  0.916666667  0.000000000   0.0      62  r03
    288  0.458333333  0.958333333  0.000000000   0.0      38  r03
    289  0.500000000  0.000000000  0.000000000   0.0      13  r05
    290  0.500000000  0.041666667  0.000000000   0.0      36  r04
    291  0.500000000  0.083333333  0.000000000   0.0      59  r04
    292  0.500000000  0.125000000  0.000000000   0.0      82  r04
    293  0.500000000  0.166666667  0.000000000   0.0     105  r04
    294  0.500000000  0.208333333  0.000000000   0.0     128  r04
    295  0.500000000  0.250000000  0.000000000   0.0     151  r04
    296  0.500000000  0.291666667  0.000000000   0.0     133  r04
    297  0.500000000  0.333333333  0.000000000   0.0     109  r04
    298  0.500000000  0.375000000  0.000000000   0.0      85  r04
    299  0.500000000  0.416666667  0.000000000   0.0      61  r04
    300  0.500000000  0.458333333  0.000000000   0.0      37  r04
    301  0.500000000  0.500000000  0.000000000   0.0      13  r02
    302  0.500000000  0.541666667  0.000000000   0.0      36  r02
    303  0.500000000  0.583333333  0.000000000   0.0      59  r02
    304  0.500000000  0.625000000  0.000000000   0.0      82  r02
    305  0.500000000  0.666666667  0.000000000   0.0     105  r02
    306  0.500000000  0.708333333  0.000000000   0.0     128  r02
    307  0.500000000  0.750000000  0.000000000   0.0     151  r02
    308  0.500000000  0.791666667  0.000000000   0.0     133  r02
    309  0.500000000  0.833333333  0.000000000   0.0     109  r02
    310  0.500000000  0.875000000  0.000000000   0.0      85  r02
    311  0.500000000  0.916666667  0.000000000   0.0      61  r02
    312  0.500000000  0.958333333  0.000000000   0.0      37  r02
    313  0.541666667  0.000000000  0.000000000   0.0      12  r02
    314  0.541666667  0.041666667  0.000000000   0.0      35  r02
    315  0.541666667  0.083333333  0.000000000   0.0      58  r02
    316  0.541666667  0.125000000  0.000000000   0.0      81  r02
    317  0.541666667  0.166666667  0.000000000   0.0     104  r02
    318  0.541666667  0.208333333  0.000000000   0.0     127  r02
    319  0.541666667  0.250000000  0.000000000   0.0     134  r02
    320  0.541666667  0.291666667  0.000000000   0.0     110  r02
    321  0.541666667  0.333333333  0.000000000   0.0      86  r02
    322  0.541666667  0.375000000  0.000000000   0.0      62  r02
    323  0.541666667  0.416666667  0.000000000   0.0      38  r02
    324  0.541666667  0.458333333  0.000000000   0.0      14  r02
    325  0.541666667  0.500000000  0.000000000   0.0      37  r02
    326  0.541666667  0.541666667  0.000000000   0.0      60  r02
    327  0.541666667  0.583333333  0.000000000   0.0      83  r02
    328  0.541666667  0.625000000  0.000000000   0.0     106  r02
    329  0.541666667  0.666666667  0.000000000   0.0     129  r02
    330  0.541666667  0.708333333  0.000000000   0.0     152  r02
    331  0.541666667  0.750000000  0.000000000   0.0     156  r02
    332  0.541666667  0.791666667  0.000000000   0.0     132  r02
    333  0.541666667  0.833333333  0.000000000   0.0     108  r02
    334  0.541666667  0.875000000  0.000000000   0.0      84  r02
    335  0.541666667  0.916666667  0.000000000   0.0      60  r02
    336  0.541666667  0.958333333  0.000000000   0.0      36  r02
    337  0.583333333  0.000000000  0.000000000   0.0      11  r02
    338  0.583333333  0.041666667  0.000000000   0.0      34  r02
    339  0.583333333  0.083333333  0.000000000   0.0      57  r02
    340  0.583333333  0.125000000  0.000000000   0.0      80  r02
    341  0.583333333  0.166666667  0.000000000   0.0     103  r02
    342  0.583333333  0.208333333  0.000000000   0.0     126  r02
    343  0.583333333  0.250000000  0.000000000   0.0     111  r02
    344  0.583333333  0.291666667  0.000000000   0.0      87  r02
    345  0.583333333  0.333333333  0.000000000   0.0      63  r02
    346  0.583333333  0.375000000  0.000000000   0.0      39  r02
    347  0.583333333  0.416666667  0.000000000   0.0      15  r02
    348  0.583333333  0.458333333  0.000000000   0.0      38  r02
    349  0.583333333  0.500000000  0.000000000   0.0      61  r02
    350  0.583333333  0.541666667  0.000000000   0.0      84  r02
    351  0.583333333  0.583333333  0.000000000   0.0     107  r02
    352  0.583333333  0.625000000  0.000000000   0.0     130  r02
    353  0.583333333  0.666666667  0.000000000   0.0     153  r02
    354  0.583333333  0.708333333  0.000000000   0.0     176  r02
    355  0.583333333  0.750000000  0.000000000   0.0     155  r02
    356  0.583333333  0.791666667  0.000000000   0.0     131  r02
    357  0.583333333  0.833333333  0.000000000   0.0     107  r02
    358  0.583333333  0.875000000  0.000000000   0.0      83  r02
    359  0.583333333  0.916666667  0.000000000   0.0      59  r02
    360  0.583333333  0.958333333  0.000000000   0.0      35  r02
    361  0.625000000  0.000000000  0.000000000   0.0      10  r02
    362  0.625000000  0.041666667  0.000000000   0.0      33  r02
    363  0.625000000  0.083333333  0.000000000   0.0      56  r02
    364  0.625000000  0.125000000  0.000000000   0.0      79  r02
    365  0.625000000  0.166666667  0.000000000   0.0     102  r02
    366  0.625000000  0.208333333  0.000000000   0.0     112  r02
    367  0.625000000  0.250000000  0.000000000   0.0      88  r02
    368  0.625000000  0.291666667  0.000000000   0.0      64  r02
    369  0.625000000  0.333333333  0.000000000   0.0      40  r02
    370  0.625000000  0.375000000  0.000000000   0.0      16  r02
    371  0.625000000  0.416666667  0.000000000   0.0      39  r02
    372  0.625000000  0.458333333  0.000000000   0.0      62  r02
    373  0.625000000  0.500000000  0.000000000   0.0      85  r02
    374  0.625000000  0.541666667  0.000000000   0.0     108  r02
    375  0.625000000  0.583333333  0.000000000   0.0     131  r02
    376  0.625000000  0.625000000  0.000000000   0.0     154  r02
    377  0.625000000  0.666666667  0.000000000   0.0     177  r02
    378  0.625000000  0.708333333  0.000000000   0.0     178  r02
    379  0.625000000  0.750000000  0.000000000   0.0     154  r02
    380  0.625000000  0.791666667  0.000000000   0.0     130  r02
    381  0.625000000  0.833333333  0.000000000   0.0     106  r02
    382  0.625000000  0.875000000  0.000000000   0.0      82  r02
    383  0.625000000  0.916666667  0.000000000   0.0      58  r02
    384  0.625000000  0.958333333  0.000000000   0.0      34  r02
    385  0.666666667  0.000000000  0.000000000   0.0       9  r02
    386  0.666666667  0.041666667  0.000000000   0.0      32  r02
    387  0.666666667  0.083333333  0.000000000   0.0      55  r02
    388  0.666666667  0.125000000  0.000000000   0.0      78  r02
    389  0.666666667  0.166666667  0.000000000   0.0     101  r02
    390  0.666666667  0.208333333  0.000000000   0.0      89  r02
    391  0.666666667  0.250000000  0.000000000   0.0      65  r02
    392  0.666666667  0.291666667  0.000000000   0.0      41  r02
    393  0.666666667  0.333333333  0.000000000   0.0      17  r02
    394  0.666666667  0.375000000  0.000000000   0.0      40  r02
    395  0.666666667  0.416666667  0.000000000   0.0      63  r02
    396  0.666666667  0.458333333  0.000000000   0.0      86  r02
    397  0.666666667  0.500000000  0.000000000   0.0     109  r02
    398  0.666666667  0.541666667  0.000000000   0.0     132  r02
    399  0.666666667  0.583333333  0.000000000   0.0     155  r02
    400  0.666666667  0.625000000  0.000000000   0.0     178  r02
    401  0.666666667  0.666666667  0.000000000   0.0     201  r02
    402  0.666666667  0.708333333  0.000000000   0.0     177  r02
    403  0.666666667  0.750000000  0.000000000   0.0     153  r02
    404  0.666666667  0.791666667  0.000000000   0.0     129  r02
    405  0.666666667  0.833333333  0.000000000   0.0     105  r02
    406  0.666666667  0.875000000  0.000000000   0.0      81  r02
    407  0.666666667  0.916666667  0.000000000   0.0      57  r02
    408  0.666666667  0.958333333  0.000000000   0.0      33  r02
    409  0.708333333  0.000000000  0.000000000   0.0       8  r02
    410  0.708333333  0.041666667  0.000000000   0.0      31  r02
    411  0.708333333  0.083333333  0.000000000   0.0      54  r02
    412  0.708333333  0.125000000  0.000000000   0.0      77  r02
    413  0.708333333  0.166666667  0.000000000   0.0      90  r02
    414  0.708333333  0.208333333  0.000000000   0.0      66  r02
    415  0.708333333  0.250000000  0.000000000   0.0      42  r02
    416  0.708333333  0.291666667  0.000000000   0.0      18  r02
    417  0.708333333  0.333333333  0.000000000   0.0      41  r02
    418  0.708333333  0.375000000  0.000000000   0.0      64  r02
    419  0.708333333  0.416666667  0.000000000   0.0      87  r02
    420  0.708333333  0.458333333  0.000000000   0.0     110  r02
    421  0.708333333  0.500000000  0.000000000   0.0     133  r02
    422  0.708333333  0.541666667  0.000000000   0.0     156  r02
    423  0.708333333  0.583333333  0.000000000   0.0     176  r02
    424  0.708333333  0.625000000  0.000000000   0.0     177  r02
    425  0.708333333  0.666666667  0.000000000   0.0     178  r02
    426  0.708333333  0.708333333  0.000000000   0.0     176  r02
    427  0.708333333  0.750000000  0.000000000   0.0     152  r02
    428  0.708333333  0.791666667  0.000000000   0.0     128  r02
    429  0.708333333  0.833333333  0.000000000   0.0     104  r02
    430  0.708333333  0.875000000  0.000000000   0.0      80  r02
    431  0.708333333  0.916666667  0.000000000   0.0      56  r02
    432  0.708333333  0.958333333  0.000000000   0.0      32  r02
    433  0.750000000  0.000000000  0.000000000   0.0       7  r02
    434  0.750000000  0.041666667  0.000000000   0.0      30  r02
    435  0.750000000  0.083333333  0.000000000   0.0      53  r02
    436  0.750000000  0.125000000  0.000000000   0.0      76  r02
    437  0.750000000  0.166666667  0.000000000   0.0      67  r02
    438  0.750000000  0.208333333  0.000000000   0.0      43  r02
    439  0.750000000  0.250000000  0.000000000   0.0      19  r02
    440  0.750000000  0.291666667  0.000000000   0.0      42  r02
    441  0.750000000  0.333333333  0.000000000   0.0      65  r02
    442  0.750000000  0.375000000  0.000000000   0.0      88  r02
    443  0.750000000  0.416666667  0.000000000   0.0     111  r02
    444  0.750000000  0.458333333  0.000000000   0.0     134  r02
    445  0.750000000  0.500000000  0.000000000   0.0     151  r02
    446  0.750000000  0.541666667  0.000000000   0.0     152  r02
    447  0.750000000  0.583333333  0.000000000   0.0     153  r02
    448  0.750000000  0.625000000  0.000000000   0.0     154  r02
    449  0.750000000  0.666666667  0.000000000   0.0     155  r02
    450  0.750000000  0.708333333  0.000000000   0.0     156  r02
    451  0.750000000  0.750000000  0.000000000   0.0     151  r02
    452  0.750000000  0.791666667  0.000000000   0.0     127  r02
    453  0.750000000  0.833333333  0.000000000   0.0     103  r02
    454  0.750000000  0.875000000  0.000000000   0.0      79  r02
    455  0.750000000  0.916666667  0.000000000   0.0      55  r02
    456  0.750000000  0.958333333  0.000000000   0.0      31  r02
    457  0.791666667  0.000000000  0.000000000   0.0       6  r02
    458  0.791666667  0.041666667  0.000000000   0.0      29  r02
    459  0.791666667  0.083333333  0.000000000   0.0      52  r02
    460  0.791666667  0.125000000  0.000000000   0.0      68  r02
    461  0.791666667  0.166666667  0.000000000   0.0      44  r02
    462  0.791666667  0.208333333  0.000000000   0.0      20  r02
    463  0.791666667  0.250000000  0.000000000   0.0      43  r02
    464  0.791666667  0.291666667  0.000000000   0.0      66  r02
    465  0.791666667  0.333333333  0.000000000   0.0      89  r02
    466  0.791666667  0.375000000  0.000000000   0.0     112  r02
    467  0.791666667  0.416666667  0.000000000   0.0     126  r02
    468  0.791666667  0.458333333  0.000000000   0.0     127  r02
    469  0.791666667  0.500000000  0.000000000   0.0     128  r02
    470  0.791666667  0.541666667  0.000000000   0.0     129  r02
    471  0.791666667  0.583333333  0.000000000   0.0     130  r02
    472  0.791666667  0.625000000  0.000000000   0.0     131  r02
    473  0.791666667  0.666666667  0.000000000   0.0     132  r02
    474  0.791666667  0.708333333  0.000000000   0.0     133  r02
    475  0.791666667  0.750000000  0.000000000   0.0     134  r02
    476  0.791666667  0.791666667  0.000000000   0.0     126  r02
    477  0.791666667  0.833333333  0.000000000   0.0     102  r02
    478  0.791666667  0.875000000  0.000000000   0.0      78  r02
    479  0.791666667  0.916666667  0.000000000   0.0      54  r02
    480  0.791666667  0.958333333  0.000000000   0.0      30  r02
    481  0.833333333  0.000000000  0.000000000   0.0       5  r02
    482  0.833333333  0.041666667  0.000000000   0.0      28  r02
    483  0.833333333  0.083333333  0.000000000   0.0      51  r02
    484  0.833333333  0.125000000  0.000000000   0.0      45  r02
    485  0.833333333  0.166666667  0.000000000   0.0      21  r02
    486  0.833333333  0.208333333  0.000000000   0.0      44  r02
    487  0.833333333  0.250000000  0.000000000   0.0      67  r02
    488  0.833333333  0.291666667  0.000000000   0.0      90  r02
    489  0.833333333  0.333333333  0.000000000   0.0     101  r02
    490  0.833333333  0.375000000  0.000000000   0.0     102  r02
    491  0.833333333  0.416666667  0.000000000   0.0     103  r02
    492  0.833333333  0.458333333  0.000000000   0.0     104  r02
    493  0.833333333  0.500000000  0.000000000   0.0     105  r02
    494  0.833333333  0.541666667  0.000000000   0.0     106  r02
    495  0.833333333  0.583333333  0.000000000   0.0     107  r02
    496  0.833333333  0.625000000  0.000000000   0.0     108  r02
    497  0.833333333  0.666666667  0.000000000   0.0     109  r02
    498  0.833333333  0.708333333  0.000000000   0.0     110  r02
    499  0.833333333  0.750000000  0.000000000   0.0     111  r02
    500  0.833333333  0.791666667  0.000000000   0.0     112  r02
    501  0.833333333  0.833333333  0.000000000   0.0     101  r02
    502  0.833333333  0.875000000  0.000000000   0.0      77  r02
    503  0.833333333  0.916666667  0.000000000   0.0      53  r02
    504  0.833333333  0.958333333  0.000000000   0.0      29  r02
    505  0.875000000  0.000000000  0.000000000   0.0       4  r02
    506  0.875000000  0.041666667  0.000000000   0.0      27  r02
    507  0.875000000  0.083333333  0.000000000   0.0      46  r02
    508  0.875000000  0.125000000  0.000000000   0.0      22  r02
    509  0.875000000  0.166666667  0.000000000   0.0      45  r02
    510  0.875000000  0.208333333  0.000000000   0.0      68  r02
    511  0.875000000  0.250000000  0.000000000   0.0      76  r02
    512  0.875000000  0.291666667  0.000000000   0.0      77  r02
    513  0.875000000  0.333333333  0.000000000   0.0      78  r02
    514  0.875000000  0.375000000  0.000000000   0.0      79  r02
    515  0.875000000  0.416666667  0.000000000   0.0      80  r02
    516  0.875000000  0.458333333  0.000000000   0.0      81  r02
    517  0.875000000  0.500000000  0.000000000   0.0      82  r02
    518  0.875000000  0.541666667  0.000000000   0.0      83  r02
    519  0.875000000  0.583333333  0.000000000   0.0      84  r02
    520  0.875000000  0.625000000  0.000000000   0.0      85  r02
    521  0.875000000  0.666666667  0.000000000   0.0      86  r02
    522  0.875000000  0.708333333  0.000000000   0.0      87  r02
    523  0.875000000  0.750000000  0.000000000   0.0      88  r02
    524  0.875000000  0.791666667  0.000000000   0.0      89  r02
    525  0.875000000  0.833333333  0.000000000   0.0      90  r02
    526  0.875000000  0.875000000  0.000000000   0.0      76  r02
    527  0.875000000  0.916666667  0.000000000   0.0      52  r02
    528  0.875000000  0.958333333  0.000000000   0.0      28  r02
    529  0.916666667  0.000000000  0.000000000   0.0       3  r02
    530  0.916666667  0.041666667  0.000000000   0.0      26  r02
    531  0.916666667  0.083333333  0.000000000   0.0      23  r02
    532  0.916666667  0.125000000  0.000000000   0.0      46  r02
    533  0.916666667  0.166666667  0.000000000   0.0      51  r02
    534  0.916666667  0.208333333  0.000000000   0.0      52  r02
    535  0.916666667  0.250000000  0.000000000   0.0      53  r02
    536  0.916666667  0.291666667  0.000000000   0.0      54  r02
    537  0.916666667  0.333333333  0.000000000   0.0      55  r02
    538  0.916666667  0.375000000  0.000000000   0.0      56  r02
    539  0.916666667  0.416666667  0.000000000   0.0      57  r02
    540  0.916666667  0.458333333  0.000000000   0.0      58  r02
    541  0.916666667  0.500000000  0.000000000   0.0      59  r02
    542  0.916666667  0.541666667  0.000000000   0.0      60  r02
    543  0.916666667  0.583333333  0.000000000   0.0      61  r02
    544  0.916666667  0.625000000  0.000000000   0.0      62  r02
    545  0.916666667  0.666666667  0.000000000   0.0      63  r02
    546  0.916666667  0.708333333  0.000000000   0.0      64  r02
    547  0.916666667  0.750000000  0.000000000   0.0      65  r02
    548  0.916666667  0.791666667  0.000000000   0.0      66  r02
    549  0.916666667  0.833333333  0.000000000   0.0      67  r02
    550  0.916666667  0.875000000  0.000000000   0.0      68  r02
    551  0.916666667  0.916666667  0.000000000   0.0      51  r02
    552  0.916666667  0.958333333  0.000000000   0.0      27  r02
    553  0.958333333  0.000000000  0.000000000   0.0       2  r02
    554  0.958333333  0.041666667  0.000000000   0.0      24  r02
    555  0.958333333  0.083333333  0.000000000   0.0      26  r02
    556  0.958333333  0.125000000  0.000000000   0.0      27  r02
    557  0.958333333  0.166666667  0.000000000   0.0      28  r02
    558  0.958333333  0.208333333  0.000000000   0.0      29  r02
    559  0.958333333  0.250000000  0.000000000   0.0      30  r02
    560  0.958333333  0.291666667  0.000000000   0.0      31  r02
    561  0.958333333  0.333333333  0.000000000   0.0      32  r02
    562  0.958333333  0.375000000  0.000000000   0.0      33  r02
    563  0.958333333  0.416666667  0.000000000   0.0      34  r02
    564  0.958333333  0.458333333  0.000000000   0.0      35  r02
    565  0.958333333  0.500000000  0.000000000   0.0      36  r02
    566  0.958333333  0.541666667  0.000000000   0.0      37  r02
    567  0.958333333  0.583333333  0.000000000   0.0      38  r02
    568  0.958333333  0.625000000  0.000000000   0.0      39  r02
    569  0.958333333  0.666666667  0.000000000   0.0      40  r02
    570  0.958333333  0.708333333  0.000000000   0.0      41  r02
    571  0.958333333  0.750000000  0.000000000   0.0      42  r02
    572  0.958333333  0.791666667  0.000000000   0.0      43  r02
    573  0.958333333  0.833333333  0.000000000   0.0      44  r02
    574  0.958333333  0.875000000  0.000000000   0.0      45  r02
    575  0.958333333  0.916666667  0.000000000   0.0      46  r02
    576  0.958333333  0.958333333  0.000000000   0.0      26  r02

k-points in the irreducible wedge
    109
      1  0.000000000  0.000000000  0.000000000   1.0       1
      2  0.000000000  0.041666667  0.000000000   3.0       2
      3  0.000000000  0.083333333  0.000000000   3.0       3
      4  0.000000000  0.125000000  0.000000000   3.0       4
      5  0.000000000  0.166666667  0.000000000   3.0       5
      6  0.000000000  0.208333333  0.000000000   3.0       6
      7  0.000000000  0.250000000  0.000000000   3.0       7
      8  0.000000000  0.291666667  0.000000000   3.0       8
      9  0.000000000  0.333333333  0.000000000   3.0       9
     10  0.000000000  0.375000000  0.000000000   3.0      10
     11  0.000000000  0.416666667  0.000000000   3.0      11
     12  0.000000000  0.458333333  0.000000000   3.0      12
     13  0.000000000  0.500000000  0.000000000   3.0      13
     14  0.000000000  0.541666667  0.000000000   3.0      14
     15  0.000000000  0.583333333  0.000000000   3.0      15
     16  0.000000000  0.625000000  0.000000000   3.0      16
     17  0.000000000  0.666666667  0.000000000   3.0      17
     18  0.000000000  0.708333333  0.000000000   3.0      18
     19  0.000000000  0.750000000  0.000000000   3.0      19
     20  0.000000000  0.791666667  0.000000000   3.0      20
     21  0.000000000  0.833333333  0.000000000   3.0      21
     22  0.000000000  0.875000000  0.000000000   3.0      22
     23  0.000000000  0.916666667  0.000000000   3.0      23
     24  0.000000000  0.958333333  0.000000000   3.0      24
     25  0.041666667  0.041666667  0.000000000   6.0      26
     26  0.041666667  0.083333333  0.000000000   6.0      27
     27  0.041666667  0.125000000  0.000000000   6.0      28
     28  0.041666667  0.166666667  0.000000000   6.0      29
     29  0.041666667  0.208333333  0.000000000   6.0      30
     30  0.041666667  0.250000000  0.000000000   6.0      31
     31  0.041666667  0.291666667  0.000000000   6.0      32
     32  0.041666667  0.333333333  0.000000000   6.0      33
     33  0.041666667  0.375000000  0.000000000   6.0      34
     34  0.041666667  0.416666667  0.000000000   6.0      35
     35  0.041666667  0.458333333  0.000000000   6.0      36
     36  0.041666667  0.500000000  0.000000000   6.0      37
     37  0.041666667  0.541666667  0.000000000   6.0      38
     38  0.041666667  0.583333333  0.000000000   6.0      39
     39  0.041666667  0.625000000  0.000000000   6.0      40
     40  0.041666667  0.666666667  0.000000000   6.0      41
     41  0.041666667  0.708333333  0.000000000   6.0      42
     42  0.041666667  0.750000000  0.000000000   6.0      43
     43  0.041666667  0.791666667  0.000000000   6.0      44
     44  0.041666667  0.833333333  0.000000000   6.0      45
     45  0.041666667  0.875000000  0.000000000   6.0      46
     46  0.083333333  0.083333333  0.000000000   6.0      51
     47  0.083333333  0.125000000  0.000000000   6.0      52
     48  0.083333333  0.166666667  0.000000000   6.0      53
     49  0.083333333  0.208333333  0.000000000   6.0      54
     50  0.083333333  0.250000000  0.000000000   6.0      55
     51  0.083333333  0.291666667  0.000000000   6.0      56
     52  0.083333333  0.333333333  0.000000000   6.0      57
     53  0.083333333  0.375000000  0.000000000   6.0      58
     54  0.083333333  0.416666667  0.000000000   6.0      59
     55  0.083333333  0.458333333  0.000000000   6.0      60
     56  0.083333333  0.500000000  0.000000000   6.0      61
     57  0.083333333  0.541666667  0.000000000   6.0      62
     58  0.083333333  0.583333333  0.000000000   6.0      63
     59  0.083333333  0.625000000  0.000000000   6.0      64
     60  0.083333333  0.666666667  0.000000000   6.0      65
     61  0.083333333  0.708333333  0.000000000   6.0      66
     62  0.083333333  0.750000000  0.000000000   6.0      67
     63  0.083333333  0.791666667  0.000000000   6.0      68
     64  0.125000000  0.125000000  0.000000000   6.0      76
     65  0.125000000  0.166666667  0.000000000   6.0      77
     66  0.125000000  0.208333333  0.000000000   6.0      78
     67  0.125000000  0.250000000  0.000000000   6.0      79
     68  0.125000000  0.291666667  0.000000000   6.0      80
     69  0.125000000  0.333333333  0.000000000   6.0      81
     70  0.125000000  0.375000000  0.000000000   6.0      82
     71  0.125000000  0.416666667  0.000000000   6.0      83
     72  0.125000000  0.458333333  0.000000000   6.0      84
     73  0.125000000  0.500000000  0.000000000   6.0      85
     74  0.125000000  0.541666667  0.000000000   6.0      86
     75  0.125000000  0.583333333  0.000000000   6.0      87
     76  0.125000000  0.625000000  0.000000000   6.0      88
     77  0.125000000  0.666666667  0.000000000   6.0      89
     78  0.125000000  0.708333333  0.000000000   6.0      90
     79  0.166666667  0.166666667  0.000000000   6.0     101
     80  0.166666667  0.208333333  0.000000000   6.0     102
     81  0.166666667  0.250000000  0.000000000   6.0     103
     82  0.166666667  0.291666667  0.000000000   6.0     104
     83  0.166666667  0.333333333  0.000000000   6.0     105
     84  0.166666667  0.375000000  0.000000000   6.0     106
     85  0.166666667  0.416666667  0.000000000   6.0     107
     86  0.166666667  0.458333333  0.000000000   6.0     108
     87  0.166666667  0.500000000  0.000000000   6.0     109
     88  0.166666667  0.541666667  0.000000000   6.0     110
     89  0.166666667  0.583333333  0.000000000   6.0     111
     90  0.166666667  0.625000000  0.000000000   6.0     112
     91  0.208333333  0.208333333  0.000000000   6.0     126
     92  0.208333333  0.250000000  0.000000000   6.0     127
     93  0.208333333  0.291666667  0.000000000   6.0     128
     94  0.208333333  0.333333333  0.000000000   6.0     129
     95  0.208333333  0.375000000  0.000000000   6.0     130
     96  0.208333333  0.416666667  0.000000000   6.0     131
     97  0.208333333  0.458333333  0.000000000   6.0     132
     98  0.208333333  0.500000000  0.000000000   6.0     133
     99  0.208333333  0.541666667  0.000000000   6.0     134
    100  0.250000000  0.250000000  0.000000000   6.0     151
    101  0.250000000  0.291666667  0.000000000   6.0     152
    102  0.250000000  0.333333333  0.000000000   6.0     153
    103  0.250000000  0.375000000  0.000000000   6.0     154
    104  0.250000000  0.416666667  0.000000000   6.0     155
    105  0.250000000  0.458333333  0.000000000   6.0     156
    106  0.291666667  0.291666667  0.000000000   6.0     176
    107  0.291666667  0.333333333  0.000000000   6.0     177
    108  0.291666667  0.375000000  0.000000000   6.0     178
    109  0.333333333  0.333333333  0.000000000   2.0     201

